{"C:\\Users\\Work\\Desktop\\BACK-END\\GDSC_DUT\\Web\\gdsc-dut.dev\\BE\\src\\core\\config\\swagger.config.js": {"path":"C:\\Users\\Work\\Desktop\\BACK-END\\GDSC_DUT\\Web\\gdsc-dut.dev\\BE\\src\\core\\config\\swagger.config.js","statementMap":{"0":{"start":{"line":4,"column":16},"end":{"line":41,"column":1}},"1":{"start":{"line":43,"column":27},"end":{"line":43,"column":70}}},"fnMap":{},"branchMap":{},"s":{"0":1,"1":1},"f":{},"b":{},"_coverageSchema":"1a1c01bbd47fc00a2c39e90264f33305004495a9","hash":"967733e9fdd041600e4403117facf3241e23ad83"}
,"C:\\Users\\Work\\Desktop\\BACK-END\\GDSC_DUT\\Web\\gdsc-dut.dev\\BE\\src\\core\\env\\index.js": {"path":"C:\\Users\\Work\\Desktop\\BACK-END\\GDSC_DUT\\Web\\gdsc-dut.dev\\BE\\src\\core\\env\\index.js","statementMap":{"0":{"start":{"line":3,"column":0},"end":{"line":3,"column":13}},"1":{"start":{"line":5,"column":24},"end":{"line":5,"column":61}},"2":{"start":{"line":6,"column":20},"end":{"line":6,"column":44}},"3":{"start":{"line":7,"column":20},"end":{"line":7,"column":63}},"4":{"start":{"line":8,"column":26},"end":{"line":8,"column":60}},"5":{"start":{"line":9,"column":27},"end":{"line":9,"column":58}},"6":{"start":{"line":10,"column":32},"end":{"line":10,"column":43}},"7":{"start":{"line":11,"column":24},"end":{"line":11,"column":103}},"8":{"start":{"line":12,"column":78},"end":{"line":12,"column":89}},"9":{"start":{"line":13,"column":27},"end":{"line":13,"column":71}},"10":{"start":{"line":14,"column":26},"end":{"line":14,"column":75}},"11":{"start":{"line":15,"column":29},"end":{"line":15,"column":40}},"12":{"start":{"line":16,"column":33},"end":{"line":16,"column":44}}},"fnMap":{},"branchMap":{"0":{"loc":{"start":{"line":5,"column":24},"end":{"line":5,"column":61}},"type":"binary-expr","locations":[{"start":{"line":5,"column":24},"end":{"line":5,"column":44}},{"start":{"line":5,"column":48},"end":{"line":5,"column":61}}],"line":5},"1":{"loc":{"start":{"line":6,"column":20},"end":{"line":6,"column":44}},"type":"binary-expr","locations":[{"start":{"line":6,"column":20},"end":{"line":6,"column":36}},{"start":{"line":6,"column":40},"end":{"line":6,"column":44}}],"line":6},"2":{"loc":{"start":{"line":7,"column":20},"end":{"line":7,"column":63}},"type":"binary-expr","locations":[{"start":{"line":7,"column":20},"end":{"line":7,"column":36}},{"start":{"line":7,"column":40},"end":{"line":7,"column":63}}],"line":7},"3":{"loc":{"start":{"line":8,"column":26},"end":{"line":8,"column":60}},"type":"binary-expr","locations":[{"start":{"line":8,"column":26},"end":{"line":8,"column":48}},{"start":{"line":8,"column":52},"end":{"line":8,"column":60}}],"line":8},"4":{"loc":{"start":{"line":9,"column":27},"end":{"line":9,"column":58}},"type":"binary-expr","locations":[{"start":{"line":9,"column":27},"end":{"line":9,"column":50}},{"start":{"line":9,"column":54},"end":{"line":9,"column":58}}],"line":9},"5":{"loc":{"start":{"line":11,"column":24},"end":{"line":11,"column":103}},"type":"cond-expr","locations":[{"start":{"line":11,"column":55},"end":{"line":11,"column":78}},{"start":{"line":11,"column":81},"end":{"line":11,"column":103}}],"line":11},"6":{"loc":{"start":{"line":14,"column":26},"end":{"line":14,"column":75}},"type":"binary-expr","locations":[{"start":{"line":14,"column":26},"end":{"line":14,"column":48}},{"start":{"line":14,"column":52},"end":{"line":14,"column":75}}],"line":14}},"s":{"0":4,"1":4,"2":4,"3":4,"4":4,"5":4,"6":4,"7":4,"8":4,"9":4,"10":4,"11":4,"12":4},"f":{},"b":{"0":[4,0],"1":[4,0],"2":[4,0],"3":[4,0],"4":[4,4],"5":[0,4],"6":[4,0]},"_coverageSchema":"1a1c01bbd47fc00a2c39e90264f33305004495a9","hash":"7ad442868c001cd22eee548ee12af6a96443cf50"}
,"C:\\Users\\Work\\Desktop\\BACK-END\\GDSC_DUT\\Web\\gdsc-dut.dev\\BE\\src\\core\\infrastructure\\interceptor\\default-validator.interceptor.js": {"path":"C:\\Users\\Work\\Desktop\\BACK-END\\GDSC_DUT\\Web\\gdsc-dut.dev\\BE\\src\\core\\infrastructure\\interceptor\\default-validator.interceptor.js","statementMap":{"0":{"start":{"line":13,"column":8},"end":{"line":13,"column":16}},"1":{"start":{"line":14,"column":8},"end":{"line":14,"column":29}},"2":{"start":{"line":23,"column":8},"end":{"line":23,"column":27}},"3":{"start":{"line":27,"column":8},"end":{"line":36,"column":9}},"4":{"start":{"line":32,"column":16},"end":{"line":32,"column":32}},"5":{"start":{"line":35,"column":16},"end":{"line":35,"column":33}}},"fnMap":{"0":{"name":"(anonymous_0)","decl":{"start":{"line":12,"column":4},"end":{"line":12,"column":5}},"loc":{"start":{"line":12,"column":24},"end":{"line":15,"column":5}},"line":12},"1":{"name":"(anonymous_1)","decl":{"start":{"line":22,"column":4},"end":{"line":22,"column":5}},"loc":{"start":{"line":22,"column":19},"end":{"line":24,"column":5}},"line":22},"2":{"name":"(anonymous_2)","decl":{"start":{"line":26,"column":4},"end":{"line":26,"column":5}},"loc":{"start":{"line":26,"column":28},"end":{"line":37,"column":5}},"line":26}},"branchMap":{"0":{"loc":{"start":{"line":27,"column":8},"end":{"line":36,"column":9}},"type":"switch","locations":[{"start":{"line":28,"column":12},"end":{"line":28,"column":24}},{"start":{"line":29,"column":12},"end":{"line":29,"column":23}},{"start":{"line":30,"column":12},"end":{"line":30,"column":25}},{"start":{"line":31,"column":12},"end":{"line":32,"column":32}},{"start":{"line":33,"column":12},"end":{"line":33,"column":23}},{"start":{"line":34,"column":12},"end":{"line":35,"column":33}}],"line":27}},"s":{"0":1,"1":1,"2":0,"3":0,"4":0,"5":0},"f":{"0":1,"1":0,"2":0},"b":{"0":[0,0,0,0,0,0]},"_coverageSchema":"1a1c01bbd47fc00a2c39e90264f33305004495a9","hash":"73b7ac94d6f9e751ce49bdd775527cfc1f1802b5"}
,"C:\\Users\\Work\\Desktop\\BACK-END\\GDSC_DUT\\Web\\gdsc-dut.dev\\BE\\src\\core\\infrastructure\\interceptor\\index.js": {"path":"C:\\Users\\Work\\Desktop\\BACK-END\\GDSC_DUT\\Web\\gdsc-dut.dev\\BE\\src\\core\\infrastructure\\interceptor\\index.js","statementMap":{},"fnMap":{},"branchMap":{},"s":{},"f":{},"b":{},"_coverageSchema":"1a1c01bbd47fc00a2c39e90264f33305004495a9","hash":"30b6db2a1287fdf7d8f92f3d8dc262a7c30634f7"}
,"C:\\Users\\Work\\Desktop\\BACK-END\\GDSC_DUT\\Web\\gdsc-dut.dev\\BE\\src\\core\\infrastructure\\interceptor\\input-validator.interceptor.js": {"path":"C:\\Users\\Work\\Desktop\\BACK-END\\GDSC_DUT\\Web\\gdsc-dut.dev\\BE\\src\\core\\infrastructure\\interceptor\\input-validator.interceptor.js","statementMap":{"0":{"start":{"line":10,"column":21},"end":{"line":10,"column":111}},"1":{"start":{"line":15,"column":30},"end":{"line":15,"column":128}},"2":{"start":{"line":20,"column":42},"end":{"line":20,"column":78}},"3":{"start":{"line":22,"column":16},"end":{"line":29,"column":5}},"4":{"start":{"line":23,"column":8},"end":{"line":28,"column":9}},"5":{"start":{"line":24,"column":12},"end":{"line":24,"column":105}},"6":{"start":{"line":25,"column":12},"end":{"line":25,"column":26}},"7":{"start":{"line":27,"column":12},"end":{"line":27,"column":60}}},"fnMap":{"0":{"name":"(anonymous_0)","decl":{"start":{"line":10,"column":4},"end":{"line":10,"column":5}},"loc":{"start":{"line":10,"column":19},"end":{"line":10,"column":113}},"line":10},"1":{"name":"(anonymous_1)","decl":{"start":{"line":15,"column":4},"end":{"line":15,"column":5}},"loc":{"start":{"line":15,"column":28},"end":{"line":15,"column":130}},"line":15},"2":{"name":"(anonymous_2)","decl":{"start":{"line":20,"column":4},"end":{"line":20,"column":5}},"loc":{"start":{"line":20,"column":40},"end":{"line":20,"column":80}},"line":20},"3":{"name":"(anonymous_3)","decl":{"start":{"line":22,"column":16},"end":{"line":22,"column":17}},"loc":{"start":{"line":22,"column":42},"end":{"line":29,"column":5}},"line":22}},"branchMap":{},"s":{"0":0,"1":0,"2":0,"3":1,"4":0,"5":0,"6":0,"7":0},"f":{"0":0,"1":0,"2":0,"3":0},"b":{},"_coverageSchema":"1a1c01bbd47fc00a2c39e90264f33305004495a9","hash":"0e0dc4fced22cca2b5c94d7f5c653a4dfe102df6"}
,"C:\\Users\\Work\\Desktop\\BACK-END\\GDSC_DUT\\Web\\gdsc-dut.dev\\BE\\src\\core\\modules\\auth\\index.js": {"path":"C:\\Users\\Work\\Desktop\\BACK-END\\GDSC_DUT\\Web\\gdsc-dut.dev\\BE\\src\\core\\modules\\auth\\index.js","statementMap":{},"fnMap":{},"branchMap":{},"s":{},"f":{},"b":{},"_coverageSchema":"1a1c01bbd47fc00a2c39e90264f33305004495a9","hash":"c3b3a1f07d79b0364733e2505ce65a4705065b26"}
,"C:\\Users\\Work\\Desktop\\BACK-END\\GDSC_DUT\\Web\\gdsc-dut.dev\\BE\\src\\core\\modules\\auth\\dto\\index.js": {"path":"C:\\Users\\Work\\Desktop\\BACK-END\\GDSC_DUT\\Web\\gdsc-dut.dev\\BE\\src\\core\\modules\\auth\\dto\\index.js","statementMap":{},"fnMap":{},"branchMap":{},"s":{},"f":{},"b":{},"_coverageSchema":"1a1c01bbd47fc00a2c39e90264f33305004495a9","hash":"0c33afb9c3401ecfffbcfa812c5a84aec0ea29eb"}
,"C:\\Users\\Work\\Desktop\\BACK-END\\GDSC_DUT\\Web\\gdsc-dut.dev\\BE\\src\\core\\modules\\auth\\dto\\jwt-sign.dto.js": {"path":"C:\\Users\\Work\\Desktop\\BACK-END\\GDSC_DUT\\Web\\gdsc-dut.dev\\BE\\src\\core\\modules\\auth\\dto\\jwt-sign.dto.js","statementMap":{"0":{"start":{"line":1,"column":26},"end":{"line":6,"column":1}},"1":{"start":{"line":2,"column":4},"end":{"line":5,"column":5}}},"fnMap":{"0":{"name":"(anonymous_0)","decl":{"start":{"line":1,"column":26},"end":{"line":1,"column":27}},"loc":{"start":{"line":2,"column":4},"end":{"line":5,"column":5}},"line":2}},"branchMap":{},"s":{"0":1,"1":0},"f":{"0":0},"b":{},"_coverageSchema":"1a1c01bbd47fc00a2c39e90264f33305004495a9","hash":"d29ca249e443e995d5aa1b6b1ed5047ea39f13e1"}
,"C:\\Users\\Work\\Desktop\\BACK-END\\GDSC_DUT\\Web\\gdsc-dut.dev\\BE\\src\\core\\modules\\auth\\dto\\login.dto.js": {"path":"C:\\Users\\Work\\Desktop\\BACK-END\\GDSC_DUT\\Web\\gdsc-dut.dev\\BE\\src\\core\\modules\\auth\\dto\\login.dto.js","statementMap":{"0":{"start":{"line":4,"column":0},"end":{"line":8,"column":7}},"1":{"start":{"line":10,"column":24},"end":{"line":13,"column":2}},"2":{"start":{"line":10,"column":33},"end":{"line":13,"column":1}}},"fnMap":{"0":{"name":"(anonymous_0)","decl":{"start":{"line":10,"column":24},"end":{"line":10,"column":25}},"loc":{"start":{"line":10,"column":33},"end":{"line":13,"column":1}},"line":10}},"branchMap":{},"s":{"0":1,"1":1,"2":0},"f":{"0":0},"b":{},"_coverageSchema":"1a1c01bbd47fc00a2c39e90264f33305004495a9","hash":"c38054a072b8454849c2ef1cb9166439c18a8d59"}
,"C:\\Users\\Work\\Desktop\\BACK-END\\GDSC_DUT\\Web\\gdsc-dut.dev\\BE\\src\\core\\modules\\auth\\interceptor\\index.js": {"path":"C:\\Users\\Work\\Desktop\\BACK-END\\GDSC_DUT\\Web\\gdsc-dut.dev\\BE\\src\\core\\modules\\auth\\interceptor\\index.js","statementMap":{},"fnMap":{},"branchMap":{},"s":{},"f":{},"b":{},"_coverageSchema":"1a1c01bbd47fc00a2c39e90264f33305004495a9","hash":"d4658567ca97c6b90a669b8c82b01994bce1b886"}
,"C:\\Users\\Work\\Desktop\\BACK-END\\GDSC_DUT\\Web\\gdsc-dut.dev\\BE\\src\\core\\modules\\auth\\interceptor\\login.interceptor.js": {"path":"C:\\Users\\Work\\Desktop\\BACK-END\\GDSC_DUT\\Web\\gdsc-dut.dev\\BE\\src\\core\\modules\\auth\\interceptor\\login.interceptor.js","statementMap":{"0":{"start":{"line":5,"column":32},"end":{"line":10,"column":1}}},"fnMap":{},"branchMap":{},"s":{"0":1},"f":{},"b":{},"_coverageSchema":"1a1c01bbd47fc00a2c39e90264f33305004495a9","hash":"fe6f3b55c6024d9b019697465b63f6ee52ab6bb7"}
,"C:\\Users\\Work\\Desktop\\BACK-END\\GDSC_DUT\\Web\\gdsc-dut.dev\\BE\\src\\core\\modules\\auth\\service\\auth.service.js": {"path":"C:\\Users\\Work\\Desktop\\BACK-END\\GDSC_DUT\\Web\\gdsc-dut.dev\\BE\\src\\core\\modules\\auth\\service\\auth.service.js","statementMap":{"0":{"start":{"line":13,"column":8},"end":{"line":13,"column":45}},"1":{"start":{"line":14,"column":8},"end":{"line":14,"column":37}},"2":{"start":{"line":15,"column":8},"end":{"line":15,"column":43}},"3":{"start":{"line":16,"column":8},"end":{"line":16,"column":47}},"4":{"start":{"line":17,"column":8},"end":{"line":17,"column":41}},"5":{"start":{"line":21,"column":21},"end":{"line":21,"column":74}},"6":{"start":{"line":23,"column":26},"end":{"line":23,"column":45}},"7":{"start":{"line":24,"column":8},"end":{"line":29,"column":9}},"8":{"start":{"line":25,"column":12},"end":{"line":28,"column":14}},"9":{"start":{"line":31,"column":8},"end":{"line":31,"column":74}},"10":{"start":{"line":36,"column":8},"end":{"line":40,"column":9}},"11":{"start":{"line":37,"column":12},"end":{"line":37,"column":61}},"12":{"start":{"line":39,"column":12},"end":{"line":39,"column":61}},"13":{"start":{"line":42,"column":21},"end":{"line":42,"column":23}},"14":{"start":{"line":43,"column":28},"end":{"line":43,"column":81}},"15":{"start":{"line":44,"column":8},"end":{"line":46,"column":9}},"16":{"start":{"line":45,"column":12},"end":{"line":45,"column":36}},"17":{"start":{"line":47,"column":28},"end":{"line":47,"column":87}},"18":{"start":{"line":48,"column":8},"end":{"line":52,"column":10}},"19":{"start":{"line":55,"column":19},"end":{"line":55,"column":76}},"20":{"start":{"line":55,"column":27},"end":{"line":55,"column":76}},"21":{"start":{"line":58,"column":27},"end":{"line":58,"column":40}}},"fnMap":{"0":{"name":"(anonymous_0)","decl":{"start":{"line":12,"column":4},"end":{"line":12,"column":5}},"loc":{"start":{"line":12,"column":18},"end":{"line":18,"column":5}},"line":12},"1":{"name":"(anonymous_1)","decl":{"start":{"line":20,"column":4},"end":{"line":20,"column":5}},"loc":{"start":{"line":20,"column":26},"end":{"line":32,"column":5}},"line":20},"2":{"name":"(anonymous_2)","decl":{"start":{"line":34,"column":4},"end":{"line":34,"column":5}},"loc":{"start":{"line":34,"column":24},"end":{"line":53,"column":5}},"line":34},"3":{"name":"(anonymous_3)","decl":{"start":{"line":55,"column":19},"end":{"line":55,"column":20}},"loc":{"start":{"line":55,"column":27},"end":{"line":55,"column":76}},"line":55}},"branchMap":{"0":{"loc":{"start":{"line":24,"column":8},"end":{"line":29,"column":9}},"type":"if","locations":[{"start":{"line":24,"column":8},"end":{"line":29,"column":9}},{"start":{},"end":{}}],"line":24},"1":{"loc":{"start":{"line":24,"column":12},"end":{"line":24,"column":85}},"type":"binary-expr","locations":[{"start":{"line":24,"column":12},"end":{"line":24,"column":16}},{"start":{"line":24,"column":20},"end":{"line":24,"column":85}}],"line":24},"2":{"loc":{"start":{"line":44,"column":8},"end":{"line":46,"column":9}},"type":"if","locations":[{"start":{"line":44,"column":8},"end":{"line":46,"column":9}},{"start":{},"end":{}}],"line":44}},"s":{"0":1,"1":1,"2":1,"3":1,"4":1,"5":0,"6":0,"7":0,"8":0,"9":0,"10":0,"11":0,"12":0,"13":0,"14":0,"15":0,"16":0,"17":0,"18":0,"19":1,"20":0,"21":1},"f":{"0":1,"1":0,"2":0,"3":0},"b":{"0":[0,0],"1":[0,0],"2":[0,0]},"_coverageSchema":"1a1c01bbd47fc00a2c39e90264f33305004495a9","hash":"70825683174a7b8827651c52328bfca5896bd6cc"}
,"C:\\Users\\Work\\Desktop\\BACK-END\\GDSC_DUT\\Web\\gdsc-dut.dev\\BE\\src\\core\\modules\\auth\\service\\bcrypt.service.js": {"path":"C:\\Users\\Work\\Desktop\\BACK-END\\GDSC_DUT\\Web\\gdsc-dut.dev\\BE\\src\\core\\modules\\auth\\service\\bcrypt.service.js","statementMap":{"0":{"start":{"line":7,"column":42},"end":{"line":7,"column":78}},"1":{"start":{"line":12,"column":8},"end":{"line":12,"column":38}},"2":{"start":{"line":13,"column":8},"end":{"line":13,"column":63}},"3":{"start":{"line":21,"column":8},"end":{"line":21,"column":40}},"4":{"start":{"line":28,"column":21},"end":{"line":28,"column":49}},"5":{"start":{"line":29,"column":8},"end":{"line":29,"column":35}},"6":{"start":{"line":33,"column":8},"end":{"line":35,"column":9}},"7":{"start":{"line":34,"column":12},"end":{"line":34,"column":49}},"8":{"start":{"line":39,"column":29},"end":{"line":39,"column":52}}},"fnMap":{"0":{"name":"(anonymous_0)","decl":{"start":{"line":11,"column":4},"end":{"line":11,"column":5}},"loc":{"start":{"line":11,"column":18},"end":{"line":14,"column":5}},"line":11},"1":{"name":"(anonymous_1)","decl":{"start":{"line":20,"column":4},"end":{"line":20,"column":5}},"loc":{"start":{"line":20,"column":25},"end":{"line":22,"column":5}},"line":20},"2":{"name":"(anonymous_2)","decl":{"start":{"line":27,"column":4},"end":{"line":27,"column":5}},"loc":{"start":{"line":27,"column":14},"end":{"line":30,"column":5}},"line":27},"3":{"name":"(anonymous_3)","decl":{"start":{"line":32,"column":4},"end":{"line":32,"column":5}},"loc":{"start":{"line":32,"column":88},"end":{"line":36,"column":5}},"line":32}},"branchMap":{"0":{"loc":{"start":{"line":32,"column":34},"end":{"line":32,"column":86}},"type":"default-arg","locations":[{"start":{"line":32,"column":40},"end":{"line":32,"column":86}}],"line":32},"1":{"loc":{"start":{"line":33,"column":8},"end":{"line":35,"column":9}},"type":"if","locations":[{"start":{"line":33,"column":8},"end":{"line":35,"column":9}},{"start":{},"end":{}}],"line":33}},"s":{"0":1,"1":1,"2":1,"3":0,"4":0,"5":0,"6":0,"7":0,"8":1},"f":{"0":1,"1":0,"2":0,"3":0},"b":{"0":[0],"1":[0,0]},"_coverageSchema":"1a1c01bbd47fc00a2c39e90264f33305004495a9","hash":"1886f9ee153f189b1dc75cf79c625db4fb3416c5"}
,"C:\\Users\\Work\\Desktop\\BACK-END\\GDSC_DUT\\Web\\gdsc-dut.dev\\BE\\src\\core\\modules\\auth\\service\\index.js": {"path":"C:\\Users\\Work\\Desktop\\BACK-END\\GDSC_DUT\\Web\\gdsc-dut.dev\\BE\\src\\core\\modules\\auth\\service\\index.js","statementMap":{},"fnMap":{},"branchMap":{},"s":{},"f":{},"b":{},"_coverageSchema":"1a1c01bbd47fc00a2c39e90264f33305004495a9","hash":"20caa00c838348b8deae3bc072ba3e68d723df87"}
,"C:\\Users\\Work\\Desktop\\BACK-END\\GDSC_DUT\\Web\\gdsc-dut.dev\\BE\\src\\core\\modules\\auth\\service\\jwt.service.js": {"path":"C:\\Users\\Work\\Desktop\\BACK-END\\GDSC_DUT\\Web\\gdsc-dut.dev\\BE\\src\\core\\modules\\auth\\service\\jwt.service.js","statementMap":{"0":{"start":{"line":6,"column":13},"end":{"line":6,"column":23}},"1":{"start":{"line":8,"column":16},"end":{"line":8,"column":27}},"2":{"start":{"line":11,"column":8},"end":{"line":11,"column":49}},"3":{"start":{"line":15,"column":8},"end":{"line":17,"column":11}},"4":{"start":{"line":21,"column":8},"end":{"line":21,"column":29}},"5":{"start":{"line":25,"column":8},"end":{"line":25,"column":42}},"6":{"start":{"line":29,"column":26},"end":{"line":29,"column":35}}},"fnMap":{"0":{"name":"(anonymous_0)","decl":{"start":{"line":10,"column":4},"end":{"line":10,"column":5}},"loc":{"start":{"line":10,"column":18},"end":{"line":12,"column":5}},"line":10},"1":{"name":"(anonymous_1)","decl":{"start":{"line":14,"column":4},"end":{"line":14,"column":5}},"loc":{"start":{"line":14,"column":18},"end":{"line":18,"column":5}},"line":14},"2":{"name":"(anonymous_2)","decl":{"start":{"line":20,"column":4},"end":{"line":20,"column":5}},"loc":{"start":{"line":20,"column":18},"end":{"line":22,"column":5}},"line":20},"3":{"name":"(anonymous_3)","decl":{"start":{"line":24,"column":4},"end":{"line":24,"column":5}},"loc":{"start":{"line":24,"column":18},"end":{"line":26,"column":5}},"line":24}},"branchMap":{},"s":{"0":4,"1":4,"2":4,"3":0,"4":0,"5":0,"6":4},"f":{"0":4,"1":0,"2":0,"3":0},"b":{},"_coverageSchema":"1a1c01bbd47fc00a2c39e90264f33305004495a9","hash":"045f56f5b507da90dabcababbd0e11d2eea2ca60"}
,"C:\\Users\\Work\\Desktop\\BACK-END\\GDSC_DUT\\Web\\gdsc-dut.dev\\BE\\src\\core\\modules\\auth\\service\\oauth.service.js": {"path":"C:\\Users\\Work\\Desktop\\BACK-END\\GDSC_DUT\\Web\\gdsc-dut.dev\\BE\\src\\core\\modules\\auth\\service\\oauth.service.js","statementMap":{"0":{"start":{"line":3,"column":25},"end":{"line":3,"column":55}},"1":{"start":{"line":6,"column":13},"end":{"line":6,"column":40}},"2":{"start":{"line":11,"column":14},"end":{"line":21,"column":6}},"3":{"start":{"line":12,"column":9},"end":{"line":20,"column":10}},"4":{"start":{"line":13,"column":28},"end":{"line":15,"column":15}},"5":{"start":{"line":16,"column":13},"end":{"line":16,"column":40}},"6":{"start":{"line":18,"column":13},"end":{"line":18,"column":51}},"7":{"start":{"line":19,"column":13},"end":{"line":19,"column":25}},"8":{"start":{"line":24,"column":28},"end":{"line":24,"column":49}}},"fnMap":{"0":{"name":"(anonymous_0)","decl":{"start":{"line":11,"column":14},"end":{"line":11,"column":15}},"loc":{"start":{"line":11,"column":29},"end":{"line":21,"column":6}},"line":11}},"branchMap":{},"s":{"0":1,"1":1,"2":1,"3":0,"4":0,"5":0,"6":0,"7":0,"8":1},"f":{"0":0},"b":{},"_coverageSchema":"1a1c01bbd47fc00a2c39e90264f33305004495a9","hash":"6bd1b3c3f5f5889c8a78fe2459ad7aae5ee079f3"}
,"C:\\Users\\Work\\Desktop\\BACK-END\\GDSC_DUT\\Web\\gdsc-dut.dev\\BE\\src\\core\\modules\\role\\userRole.repository.js": {"path":"C:\\Users\\Work\\Desktop\\BACK-END\\GDSC_DUT\\Web\\gdsc-dut.dev\\BE\\src\\core\\modules\\role\\userRole.repository.js","statementMap":{"0":{"start":{"line":5,"column":29},"end":{"line":8,"column":10}},"1":{"start":{"line":9,"column":8},"end":{"line":9,"column":47}},"2":{"start":{"line":9,"column":17},"end":{"line":9,"column":47}},"3":{"start":{"line":10,"column":8},"end":{"line":10,"column":28}},"4":{"start":{"line":14,"column":34},"end":{"line":14,"column":63}}},"fnMap":{"0":{"name":"(anonymous_0)","decl":{"start":{"line":4,"column":4},"end":{"line":4,"column":5}},"loc":{"start":{"line":4,"column":53},"end":{"line":11,"column":5}},"line":4}},"branchMap":{"0":{"loc":{"start":{"line":4,"column":28},"end":{"line":4,"column":39}},"type":"default-arg","locations":[{"start":{"line":4,"column":38},"end":{"line":4,"column":39}}],"line":4},"1":{"loc":{"start":{"line":4,"column":41},"end":{"line":4,"column":51}},"type":"default-arg","locations":[{"start":{"line":4,"column":47},"end":{"line":4,"column":51}}],"line":4},"2":{"loc":{"start":{"line":9,"column":8},"end":{"line":9,"column":47}},"type":"if","locations":[{"start":{"line":9,"column":8},"end":{"line":9,"column":47}},{"start":{},"end":{}}],"line":9}},"s":{"0":0,"1":0,"2":0,"3":0,"4":1},"f":{"0":0},"b":{"0":[0],"1":[0],"2":[0,0]},"_coverageSchema":"1a1c01bbd47fc00a2c39e90264f33305004495a9","hash":"adc93f8bcffbe706c0fec1397b0085e5072716ac"}
,"C:\\Users\\Work\\Desktop\\BACK-END\\GDSC_DUT\\Web\\gdsc-dut.dev\\BE\\src\\core\\modules\\user\\user.repository.js": {"path":"C:\\Users\\Work\\Desktop\\BACK-END\\GDSC_DUT\\Web\\gdsc-dut.dev\\BE\\src\\core\\modules\\user\\user.repository.js","statementMap":{"0":{"start":{"line":5,"column":8},"end":{"line":7,"column":22}},"1":{"start":{"line":11,"column":8},"end":{"line":24,"column":14}},"2":{"start":{"line":28,"column":8},"end":{"line":28,"column":136}},"3":{"start":{"line":32,"column":30},"end":{"line":32,"column":53}}},"fnMap":{"0":{"name":"(anonymous_0)","decl":{"start":{"line":4,"column":4},"end":{"line":4,"column":5}},"loc":{"start":{"line":4,"column":23},"end":{"line":8,"column":5}},"line":4},"1":{"name":"(anonymous_1)","decl":{"start":{"line":10,"column":4},"end":{"line":10,"column":5}},"loc":{"start":{"line":10,"column":17},"end":{"line":25,"column":5}},"line":10},"2":{"name":"(anonymous_2)","decl":{"start":{"line":27,"column":4},"end":{"line":27,"column":5}},"loc":{"start":{"line":27,"column":18},"end":{"line":29,"column":5}},"line":27}},"branchMap":{},"s":{"0":0,"1":0,"2":0,"3":1},"f":{"0":0,"1":0,"2":0},"b":{},"_coverageSchema":"1a1c01bbd47fc00a2c39e90264f33305004495a9","hash":"bf792c6a64873a206c31e6896c460f7448110557"}
,"C:\\Users\\Work\\Desktop\\BACK-END\\GDSC_DUT\\Web\\gdsc-dut.dev\\BE\\src\\core\\modules\\user\\services\\user.service.js": {"path":"C:\\Users\\Work\\Desktop\\BACK-END\\GDSC_DUT\\Web\\gdsc-dut.dev\\BE\\src\\core\\modules\\user\\services\\user.service.js","statementMap":{"0":{"start":{"line":15,"column":8},"end":{"line":15,"column":41}},"1":{"start":{"line":16,"column":8},"end":{"line":16,"column":53}},"2":{"start":{"line":17,"column":8},"end":{"line":17,"column":43}},"3":{"start":{"line":21,"column":20},"end":{"line":21,"column":42}},"4":{"start":{"line":22,"column":8},"end":{"line":24,"column":72}},"5":{"start":{"line":26,"column":8},"end":{"line":28,"column":9}},"6":{"start":{"line":27,"column":12},"end":{"line":27,"column":69}},"7":{"start":{"line":29,"column":8},"end":{"line":29,"column":81}},"8":{"start":{"line":32,"column":8},"end":{"line":45,"column":9}},"9":{"start":{"line":33,"column":12},"end":{"line":33,"column":50}},"10":{"start":{"line":34,"column":12},"end":{"line":34,"column":75}},"11":{"start":{"line":35,"column":33},"end":{"line":35,"column":34}},"12":{"start":{"line":36,"column":12},"end":{"line":40,"column":14}},"13":{"start":{"line":42,"column":12},"end":{"line":42,"column":33}},"14":{"start":{"line":43,"column":12},"end":{"line":43,"column":45}},"15":{"start":{"line":44,"column":12},"end":{"line":44,"column":24}},"16":{"start":{"line":46,"column":8},"end":{"line":46,"column":21}},"17":{"start":{"line":48,"column":8},"end":{"line":48,"column":30}},"18":{"start":{"line":52,"column":21},"end":{"line":54,"column":18}},"19":{"start":{"line":55,"column":8},"end":{"line":55,"column":35}},"20":{"start":{"line":59,"column":27},"end":{"line":59,"column":40}}},"fnMap":{"0":{"name":"(anonymous_0)","decl":{"start":{"line":14,"column":4},"end":{"line":14,"column":5}},"loc":{"start":{"line":14,"column":18},"end":{"line":18,"column":5}},"line":14},"1":{"name":"(anonymous_1)","decl":{"start":{"line":20,"column":4},"end":{"line":20,"column":5}},"loc":{"start":{"line":20,"column":35},"end":{"line":49,"column":5}},"line":20},"2":{"name":"(anonymous_2)","decl":{"start":{"line":51,"column":4},"end":{"line":51,"column":5}},"loc":{"start":{"line":51,"column":23},"end":{"line":56,"column":5}},"line":51}},"branchMap":{"0":{"loc":{"start":{"line":26,"column":8},"end":{"line":28,"column":9}},"type":"if","locations":[{"start":{"line":26,"column":8},"end":{"line":28,"column":9}},{"start":{},"end":{}}],"line":26}},"s":{"0":1,"1":1,"2":1,"3":4,"4":4,"5":3,"6":1,"7":2,"8":2,"9":2,"10":2,"11":1,"12":1,"13":1,"14":1,"15":1,"16":1,"17":1,"18":0,"19":0,"20":1},"f":{"0":1,"1":4,"2":0},"b":{"0":[1,2]},"_coverageSchema":"1a1c01bbd47fc00a2c39e90264f33305004495a9","hash":"5db5e8b734e225f72165a44fff7763debf4c075c"}
,"C:\\Users\\Work\\Desktop\\BACK-END\\GDSC_DUT\\Web\\gdsc-dut.dev\\BE\\src\\core\\modules\\user\\services\\userData.service.js": {"path":"C:\\Users\\Work\\Desktop\\BACK-END\\GDSC_DUT\\Web\\gdsc-dut.dev\\BE\\src\\core\\modules\\user\\services\\userData.service.js","statementMap":{"0":{"start":{"line":5,"column":8},"end":{"line":5,"column":64}},"1":{"start":{"line":9,"column":31},"end":{"line":9,"column":44}}},"fnMap":{"0":{"name":"(anonymous_0)","decl":{"start":{"line":4,"column":4},"end":{"line":4,"column":5}},"loc":{"start":{"line":4,"column":22},"end":{"line":6,"column":5}},"line":4}},"branchMap":{},"s":{"0":0,"1":1},"f":{"0":0},"b":{},"_coverageSchema":"1a1c01bbd47fc00a2c39e90264f33305004495a9","hash":"83baaeecb471e50f0bb0bbafbe783fdd9781420f"}
,"C:\\Users\\Work\\Desktop\\BACK-END\\GDSC_DUT\\Web\\gdsc-dut.dev\\BE\\src\\core\\utils\\errorFilter.js": {"path":"C:\\Users\\Work\\Desktop\\BACK-END\\GDSC_DUT\\Web\\gdsc-dut.dev\\BE\\src\\core\\utils\\errorFilter.js","statementMap":{"0":{"start":{"line":5,"column":32},"end":{"line":13,"column":17}},"1":{"start":{"line":5,"column":48},"end":{"line":13,"column":17}},"2":{"start":{"line":9,"column":34},"end":{"line":12,"column":5}}},"fnMap":{"0":{"name":"(anonymous_0)","decl":{"start":{"line":5,"column":32},"end":{"line":5,"column":33}},"loc":{"start":{"line":5,"column":48},"end":{"line":13,"column":17}},"line":5},"1":{"name":"(anonymous_1)","decl":{"start":{"line":9,"column":23},"end":{"line":9,"column":24}},"loc":{"start":{"line":9,"column":34},"end":{"line":12,"column":5}},"line":9}},"branchMap":{},"s":{"0":4,"1":0,"2":0},"f":{"0":0,"1":0},"b":{},"_coverageSchema":"1a1c01bbd47fc00a2c39e90264f33305004495a9","hash":"081583382934d2e3b44d6c6ce124085bd9ef9bcd"}
,"C:\\Users\\Work\\Desktop\\BACK-END\\GDSC_DUT\\Web\\gdsc-dut.dev\\BE\\src\\core\\utils\\index.js": {"path":"C:\\Users\\Work\\Desktop\\BACK-END\\GDSC_DUT\\Web\\gdsc-dut.dev\\BE\\src\\core\\utils\\index.js","statementMap":{},"fnMap":{},"branchMap":{},"s":{},"f":{},"b":{},"_coverageSchema":"1a1c01bbd47fc00a2c39e90264f33305004495a9","hash":"2020c731ffafa086c9db2919f890d81bd08c1224"}
,"C:\\Users\\Work\\Desktop\\BACK-END\\GDSC_DUT\\Web\\gdsc-dut.dev\\BE\\src\\core\\utils\\joi.util.js": {"path":"C:\\Users\\Work\\Desktop\\BACK-END\\GDSC_DUT\\Web\\gdsc-dut.dev\\BE\\src\\core\\utils\\joi.util.js","statementMap":{"0":{"start":{"line":3,"column":34},"end":{"line":3,"column":53}},"1":{"start":{"line":5,"column":31},"end":{"line":5,"column":52}},"2":{"start":{"line":8,"column":19},"end":{"line":8,"column":49}},"3":{"start":{"line":12,"column":8},"end":{"line":12,"column":61}},"4":{"start":{"line":16,"column":8},"end":{"line":16,"column":39}},"5":{"start":{"line":20,"column":8},"end":{"line":20,"column":46}},"6":{"start":{"line":24,"column":8},"end":{"line":24,"column":46}},"7":{"start":{"line":27,"column":17},"end":{"line":30,"column":4}},"8":{"start":{"line":27,"column":23},"end":{"line":30,"column":4}},"9":{"start":{"line":33,"column":6},"end":{"line":37,"column":68}},"10":{"start":{"line":41,"column":6},"end":{"line":41,"column":48}},"11":{"start":{"line":45,"column":6},"end":{"line":45,"column":65}},"12":{"start":{"line":49,"column":6},"end":{"line":49,"column":48}},"13":{"start":{"line":53,"column":6},"end":{"line":53,"column":57}},"14":{"start":{"line":57,"column":6},"end":{"line":57,"column":55}},"15":{"start":{"line":61,"column":6},"end":{"line":61,"column":45}}},"fnMap":{"0":{"name":"(anonymous_0)","decl":{"start":{"line":11,"column":4},"end":{"line":11,"column":5}},"loc":{"start":{"line":11,"column":22},"end":{"line":13,"column":5}},"line":11},"1":{"name":"(anonymous_1)","decl":{"start":{"line":15,"column":4},"end":{"line":15,"column":5}},"loc":{"start":{"line":15,"column":28},"end":{"line":17,"column":5}},"line":15},"2":{"name":"(anonymous_2)","decl":{"start":{"line":19,"column":4},"end":{"line":19,"column":5}},"loc":{"start":{"line":19,"column":28},"end":{"line":21,"column":5}},"line":19},"3":{"name":"(anonymous_3)","decl":{"start":{"line":23,"column":4},"end":{"line":23,"column":5}},"loc":{"start":{"line":23,"column":22},"end":{"line":25,"column":5}},"line":23},"4":{"name":"(anonymous_4)","decl":{"start":{"line":27,"column":17},"end":{"line":27,"column":18}},"loc":{"start":{"line":27,"column":23},"end":{"line":30,"column":4}},"line":27},"5":{"name":"(anonymous_5)","decl":{"start":{"line":32,"column":2},"end":{"line":32,"column":3}},"loc":{"start":{"line":32,"column":30},"end":{"line":38,"column":3}},"line":32},"6":{"name":"(anonymous_6)","decl":{"start":{"line":40,"column":2},"end":{"line":40,"column":3}},"loc":{"start":{"line":40,"column":26},"end":{"line":42,"column":3}},"line":40},"7":{"name":"(anonymous_7)","decl":{"start":{"line":44,"column":2},"end":{"line":44,"column":3}},"loc":{"start":{"line":44,"column":27},"end":{"line":46,"column":3}},"line":44},"8":{"name":"(anonymous_8)","decl":{"start":{"line":48,"column":2},"end":{"line":48,"column":3}},"loc":{"start":{"line":48,"column":21},"end":{"line":50,"column":3}},"line":48},"9":{"name":"(anonymous_9)","decl":{"start":{"line":52,"column":2},"end":{"line":52,"column":3}},"loc":{"start":{"line":52,"column":23},"end":{"line":54,"column":3}},"line":52},"10":{"name":"(anonymous_10)","decl":{"start":{"line":56,"column":2},"end":{"line":56,"column":3}},"loc":{"start":{"line":56,"column":31},"end":{"line":58,"column":3}},"line":56},"11":{"name":"(anonymous_11)","decl":{"start":{"line":60,"column":2},"end":{"line":60,"column":3}},"loc":{"start":{"line":60,"column":31},"end":{"line":62,"column":3}},"line":60}},"branchMap":{"0":{"loc":{"start":{"line":32,"column":14},"end":{"line":32,"column":28}},"type":"default-arg","locations":[{"start":{"line":32,"column":23},"end":{"line":32,"column":28}}],"line":32},"1":{"loc":{"start":{"line":33,"column":13},"end":{"line":37,"column":67}},"type":"cond-expr","locations":[{"start":{"line":34,"column":12},"end":{"line":34,"column":54}},{"start":{"line":35,"column":12},"end":{"line":37,"column":67}}],"line":33}},"s":{"0":4,"1":4,"2":4,"3":0,"4":0,"5":1,"6":0,"7":4,"8":1,"9":0,"10":0,"11":0,"12":0,"13":0,"14":0,"15":0},"f":{"0":0,"1":0,"2":1,"3":0,"4":1,"5":0,"6":0,"7":0,"8":0,"9":0,"10":0,"11":0},"b":{"0":[0],"1":[0,0]},"_coverageSchema":"1a1c01bbd47fc00a2c39e90264f33305004495a9","hash":"832c854e5a292909fd48bc8a6feaa284f4d7cfec"}
,"C:\\Users\\Work\\Desktop\\BACK-END\\GDSC_DUT\\Web\\gdsc-dut.dev\\BE\\src\\core\\utils\\optional.js": {"path":"C:\\Users\\Work\\Desktop\\BACK-END\\GDSC_DUT\\Web\\gdsc-dut.dev\\BE\\src\\core\\utils\\optional.js","statementMap":{"0":{"start":{"line":5,"column":6},"end":{"line":5,"column":32}},"1":{"start":{"line":9,"column":6},"end":{"line":9,"column":36}},"2":{"start":{"line":13,"column":6},"end":{"line":15,"column":7}},"3":{"start":{"line":14,"column":10},"end":{"line":14,"column":26}},"4":{"start":{"line":16,"column":6},"end":{"line":16,"column":18}},"5":{"start":{"line":20,"column":6},"end":{"line":23,"column":7}},"6":{"start":{"line":22,"column":10},"end":{"line":22,"column":26}},"7":{"start":{"line":24,"column":6},"end":{"line":24,"column":18}},"8":{"start":{"line":28,"column":6},"end":{"line":30,"column":7}},"9":{"start":{"line":29,"column":10},"end":{"line":29,"column":26}},"10":{"start":{"line":31,"column":6},"end":{"line":31,"column":18}},"11":{"start":{"line":35,"column":6},"end":{"line":37,"column":7}},"12":{"start":{"line":36,"column":10},"end":{"line":36,"column":26}},"13":{"start":{"line":38,"column":6},"end":{"line":38,"column":18}},"14":{"start":{"line":42,"column":6},"end":{"line":44,"column":7}},"15":{"start":{"line":43,"column":10},"end":{"line":43,"column":44}},"16":{"start":{"line":45,"column":6},"end":{"line":45,"column":37}},"17":{"start":{"line":49,"column":6},"end":{"line":49,"column":80}},"18":{"start":{"line":49,"column":27},"end":{"line":49,"column":80}},"19":{"start":{"line":50,"column":6},"end":{"line":50,"column":28}}},"fnMap":{"0":{"name":"(anonymous_0)","decl":{"start":{"line":4,"column":2},"end":{"line":4,"column":3}},"loc":{"start":{"line":4,"column":24},"end":{"line":6,"column":3}},"line":4},"1":{"name":"(anonymous_1)","decl":{"start":{"line":8,"column":2},"end":{"line":8,"column":3}},"loc":{"start":{"line":8,"column":22},"end":{"line":10,"column":3}},"line":8},"2":{"name":"(anonymous_2)","decl":{"start":{"line":12,"column":2},"end":{"line":12,"column":3}},"loc":{"start":{"line":12,"column":28},"end":{"line":17,"column":3}},"line":12},"3":{"name":"(anonymous_3)","decl":{"start":{"line":19,"column":2},"end":{"line":19,"column":3}},"loc":{"start":{"line":19,"column":31},"end":{"line":25,"column":3}},"line":19},"4":{"name":"(anonymous_4)","decl":{"start":{"line":27,"column":2},"end":{"line":27,"column":3}},"loc":{"start":{"line":27,"column":29},"end":{"line":32,"column":3}},"line":27},"5":{"name":"(anonymous_5)","decl":{"start":{"line":34,"column":2},"end":{"line":34,"column":3}},"loc":{"start":{"line":34,"column":26},"end":{"line":39,"column":3}},"line":34},"6":{"name":"(anonymous_6)","decl":{"start":{"line":41,"column":2},"end":{"line":41,"column":3}},"loc":{"start":{"line":41,"column":14},"end":{"line":46,"column":3}},"line":41},"7":{"name":"(anonymous_7)","decl":{"start":{"line":48,"column":2},"end":{"line":48,"column":3}},"loc":{"start":{"line":48,"column":8},"end":{"line":51,"column":3}},"line":48}},"branchMap":{"0":{"loc":{"start":{"line":13,"column":6},"end":{"line":15,"column":7}},"type":"if","locations":[{"start":{"line":13,"column":6},"end":{"line":15,"column":7}},{"start":{},"end":{}}],"line":13},"1":{"loc":{"start":{"line":13,"column":10},"end":{"line":13,"column":116}},"type":"binary-expr","locations":[{"start":{"line":13,"column":11},"end":{"line":13,"column":40}},{"start":{"line":13,"column":44},"end":{"line":13,"column":61}},{"start":{"line":13,"column":67},"end":{"line":13,"column":97}},{"start":{"line":13,"column":101},"end":{"line":13,"column":115}}],"line":13},"2":{"loc":{"start":{"line":20,"column":6},"end":{"line":23,"column":7}},"type":"if","locations":[{"start":{"line":20,"column":6},"end":{"line":23,"column":7}},{"start":{},"end":{}}],"line":20},"3":{"loc":{"start":{"line":20,"column":10},"end":{"line":21,"column":60}},"type":"binary-expr","locations":[{"start":{"line":20,"column":11},"end":{"line":20,"column":40}},{"start":{"line":20,"column":44},"end":{"line":20,"column":62}},{"start":{"line":21,"column":10},"end":{"line":21,"column":40}},{"start":{"line":21,"column":44},"end":{"line":21,"column":59}}],"line":20},"4":{"loc":{"start":{"line":28,"column":6},"end":{"line":30,"column":7}},"type":"if","locations":[{"start":{"line":28,"column":6},"end":{"line":30,"column":7}},{"start":{},"end":{}}],"line":28},"5":{"loc":{"start":{"line":35,"column":6},"end":{"line":37,"column":7}},"type":"if","locations":[{"start":{"line":35,"column":6},"end":{"line":37,"column":7}},{"start":{},"end":{}}],"line":35},"6":{"loc":{"start":{"line":35,"column":10},"end":{"line":35,"column":80}},"type":"binary-expr","locations":[{"start":{"line":35,"column":11},"end":{"line":35,"column":40}},{"start":{"line":35,"column":44},"end":{"line":35,"column":61}},{"start":{"line":35,"column":66},"end":{"line":35,"column":80}}],"line":35},"7":{"loc":{"start":{"line":42,"column":6},"end":{"line":44,"column":7}},"type":"if","locations":[{"start":{"line":42,"column":6},"end":{"line":44,"column":7}},{"start":{},"end":{}}],"line":42},"8":{"loc":{"start":{"line":49,"column":6},"end":{"line":49,"column":80}},"type":"if","locations":[{"start":{"line":49,"column":6},"end":{"line":49,"column":80}},{"start":{},"end":{}}],"line":49}},"s":{"0":4,"1":4,"2":4,"3":1,"4":3,"5":0,"6":0,"7":0,"8":0,"9":0,"10":0,"11":0,"12":0,"13":0,"14":0,"15":0,"16":0,"17":0,"18":0,"19":0},"f":{"0":4,"1":4,"2":4,"3":0,"4":0,"5":0,"6":0,"7":0},"b":{"0":[1,3],"1":[4,0,4,4],"2":[0,0],"3":[0,0,0,0],"4":[0,0],"5":[0,0],"6":[0,0,0],"7":[0,0],"8":[0,0]},"_coverageSchema":"1a1c01bbd47fc00a2c39e90264f33305004495a9","hash":"99eac0f63af3112b50d6089ab6d74801584f54c4"}
,"C:\\Users\\Work\\Desktop\\BACK-END\\GDSC_DUT\\Web\\gdsc-dut.dev\\BE\\src\\core\\utils\\userFilter.js": {"path":"C:\\Users\\Work\\Desktop\\BACK-END\\GDSC_DUT\\Web\\gdsc-dut.dev\\BE\\src\\core\\utils\\userFilter.js","statementMap":{"0":{"start":{"line":1,"column":29},"end":{"line":9,"column":1}},"1":{"start":{"line":2,"column":30},"end":{"line":2,"column":38}},"2":{"start":{"line":3,"column":17},"end":{"line":3,"column":43}},"3":{"start":{"line":5,"column":4},"end":{"line":7,"column":5}},"4":{"start":{"line":5,"column":17},"end":{"line":5,"column":18}},"5":{"start":{"line":6,"column":8},"end":{"line":6,"column":39}},"6":{"start":{"line":8,"column":4},"end":{"line":8,"column":16}},"7":{"start":{"line":11,"column":30},"end":{"line":24,"column":1}},"8":{"start":{"line":12,"column":22},"end":{"line":12,"column":24}},"9":{"start":{"line":13,"column":4},"end":{"line":22,"column":7}},"10":{"start":{"line":14,"column":26},"end":{"line":14,"column":63}},"11":{"start":{"line":14,"column":46},"end":{"line":14,"column":62}},"12":{"start":{"line":15,"column":8},"end":{"line":21,"column":9}},"13":{"start":{"line":16,"column":38},"end":{"line":16,"column":42}},"14":{"start":{"line":17,"column":24},"end":{"line":17,"column":50}},"15":{"start":{"line":18,"column":12},"end":{"line":18,"column":32}},"16":{"start":{"line":20,"column":12},"end":{"line":20,"column":44}},"17":{"start":{"line":23,"column":4},"end":{"line":23,"column":21}}},"fnMap":{"0":{"name":"(anonymous_0)","decl":{"start":{"line":1,"column":29},"end":{"line":1,"column":30}},"loc":{"start":{"line":1,"column":38},"end":{"line":9,"column":1}},"line":1},"1":{"name":"(anonymous_1)","decl":{"start":{"line":11,"column":30},"end":{"line":11,"column":31}},"loc":{"start":{"line":11,"column":39},"end":{"line":24,"column":1}},"line":11},"2":{"name":"(anonymous_2)","decl":{"start":{"line":13,"column":18},"end":{"line":13,"column":19}},"loc":{"start":{"line":13,"column":26},"end":{"line":22,"column":5}},"line":13},"3":{"name":"(anonymous_3)","decl":{"start":{"line":14,"column":41},"end":{"line":14,"column":42}},"loc":{"start":{"line":14,"column":46},"end":{"line":14,"column":62}},"line":14}},"branchMap":{"0":{"loc":{"start":{"line":15,"column":8},"end":{"line":21,"column":9}},"type":"if","locations":[{"start":{"line":15,"column":8},"end":{"line":21,"column":9}},{"start":{"line":19,"column":15},"end":{"line":21,"column":9}}],"line":15}},"s":{"0":2,"1":0,"2":0,"3":0,"4":0,"5":0,"6":0,"7":2,"8":0,"9":0,"10":0,"11":0,"12":0,"13":0,"14":0,"15":0,"16":0,"17":0},"f":{"0":0,"1":0,"2":0,"3":0},"b":{"0":[0,0]},"_coverageSchema":"1a1c01bbd47fc00a2c39e90264f33305004495a9","hash":"601499fa37abe52ec89c8ff5bc495e0c540decc6"}
,"C:\\Users\\Work\\Desktop\\BACK-END\\GDSC_DUT\\Web\\gdsc-dut.dev\\BE\\src\\packages\\handler\\response\\http.response.js": {"path":"C:\\Users\\Work\\Desktop\\BACK-END\\GDSC_DUT\\Web\\gdsc-dut.dev\\BE\\src\\packages\\handler\\response\\http.response.js","statementMap":{"0":{"start":{"line":7,"column":8},"end":{"line":7,"column":29}},"1":{"start":{"line":8,"column":8},"end":{"line":8,"column":25}},"2":{"start":{"line":12,"column":8},"end":{"line":12,"column":55}}},"fnMap":{"0":{"name":"(anonymous_0)","decl":{"start":{"line":6,"column":4},"end":{"line":6,"column":5}},"loc":{"start":{"line":6,"column":30},"end":{"line":9,"column":5}},"line":6},"1":{"name":"(anonymous_1)","decl":{"start":{"line":11,"column":4},"end":{"line":11,"column":5}},"loc":{"start":{"line":11,"column":20},"end":{"line":13,"column":5}},"line":11}},"branchMap":{},"s":{"0":0,"1":0,"2":0},"f":{"0":0,"1":0},"b":{},"_coverageSchema":"1a1c01bbd47fc00a2c39e90264f33305004495a9","hash":"f9c7bef76fcd55182fc43ebad83b17ede573ac8c"}
,"C:\\Users\\Work\\Desktop\\BACK-END\\GDSC_DUT\\Web\\gdsc-dut.dev\\BE\\src\\packages\\handler\\response\\invalidHttp.response.js": {"path":"C:\\Users\\Work\\Desktop\\BACK-END\\GDSC_DUT\\Web\\gdsc-dut.dev\\BE\\src\\packages\\handler\\response\\invalidHttp.response.js","statementMap":{"0":{"start":{"line":11,"column":8},"end":{"line":16,"column":11}},"1":{"start":{"line":20,"column":8},"end":{"line":20,"column":88}},"2":{"start":{"line":24,"column":8},"end":{"line":24,"column":77}},"3":{"start":{"line":28,"column":8},"end":{"line":28,"column":89}}},"fnMap":{"0":{"name":"(anonymous_0)","decl":{"start":{"line":10,"column":4},"end":{"line":10,"column":5}},"loc":{"start":{"line":10,"column":47},"end":{"line":17,"column":5}},"line":10},"1":{"name":"(anonymous_1)","decl":{"start":{"line":19,"column":4},"end":{"line":19,"column":5}},"loc":{"start":{"line":19,"column":35},"end":{"line":21,"column":5}},"line":19},"2":{"name":"(anonymous_2)","decl":{"start":{"line":23,"column":4},"end":{"line":23,"column":5}},"loc":{"start":{"line":23,"column":35},"end":{"line":25,"column":5}},"line":23},"3":{"name":"(anonymous_3)","decl":{"start":{"line":27,"column":4},"end":{"line":27,"column":5}},"loc":{"start":{"line":27,"column":45},"end":{"line":29,"column":5}},"line":27}},"branchMap":{},"s":{"0":0,"1":0,"2":0,"3":0},"f":{"0":0,"1":0,"2":0,"3":0},"b":{},"_coverageSchema":"1a1c01bbd47fc00a2c39e90264f33305004495a9","hash":"a725ca484285d333c398d1d725c53a66c3c7c5cf"}
,"C:\\Users\\Work\\Desktop\\BACK-END\\GDSC_DUT\\Web\\gdsc-dut.dev\\BE\\src\\packages\\httpException\\BadRequestException.js": {"path":"C:\\Users\\Work\\Desktop\\BACK-END\\GDSC_DUT\\Web\\gdsc-dut.dev\\BE\\src\\packages\\httpException\\BadRequestException.js","statementMap":{"0":{"start":{"line":7,"column":8},"end":{"line":7,"column":56}}},"fnMap":{"0":{"name":"(anonymous_0)","decl":{"start":{"line":6,"column":4},"end":{"line":6,"column":5}},"loc":{"start":{"line":6,"column":37},"end":{"line":8,"column":5}},"line":6}},"branchMap":{"0":{"loc":{"start":{"line":6,"column":16},"end":{"line":6,"column":35}},"type":"default-arg","locations":[{"start":{"line":6,"column":22},"end":{"line":6,"column":35}}],"line":6}},"s":{"0":1},"f":{"0":1},"b":{"0":[0]},"_coverageSchema":"1a1c01bbd47fc00a2c39e90264f33305004495a9","hash":"3dbca53e901fe5b6f3cf155e770abb41b4aea4f8"}
,"C:\\Users\\Work\\Desktop\\BACK-END\\GDSC_DUT\\Web\\gdsc-dut.dev\\BE\\src\\packages\\httpException\\DuplicateException.js": {"path":"C:\\Users\\Work\\Desktop\\BACK-END\\GDSC_DUT\\Web\\gdsc-dut.dev\\BE\\src\\packages\\httpException\\DuplicateException.js","statementMap":{"0":{"start":{"line":7,"column":8},"end":{"line":7,"column":52}}},"fnMap":{"0":{"name":"(anonymous_0)","decl":{"start":{"line":6,"column":4},"end":{"line":6,"column":5}},"loc":{"start":{"line":6,"column":42},"end":{"line":8,"column":5}},"line":6}},"branchMap":{"0":{"loc":{"start":{"line":6,"column":16},"end":{"line":6,"column":40}},"type":"default-arg","locations":[{"start":{"line":6,"column":22},"end":{"line":6,"column":40}}],"line":6}},"s":{"0":4},"f":{"0":4},"b":{"0":[0]},"_coverageSchema":"1a1c01bbd47fc00a2c39e90264f33305004495a9","hash":"7f3d4100727a72ade5c77125051902272e5f640e"}
,"C:\\Users\\Work\\Desktop\\BACK-END\\GDSC_DUT\\Web\\gdsc-dut.dev\\BE\\src\\packages\\httpException\\HttpException.js": {"path":"C:\\Users\\Work\\Desktop\\BACK-END\\GDSC_DUT\\Web\\gdsc-dut.dev\\BE\\src\\packages\\httpException\\HttpException.js","statementMap":{"0":{"start":{"line":7,"column":8},"end":{"line":7,"column":19}},"1":{"start":{"line":8,"column":8},"end":{"line":8,"column":25}},"2":{"start":{"line":9,"column":8},"end":{"line":9,"column":29}}},"fnMap":{"0":{"name":"(anonymous_0)","decl":{"start":{"line":6,"column":4},"end":{"line":6,"column":5}},"loc":{"start":{"line":6,"column":35},"end":{"line":10,"column":5}},"line":6}},"branchMap":{},"s":{"0":5,"1":5,"2":5},"f":{"0":5},"b":{},"_coverageSchema":"1a1c01bbd47fc00a2c39e90264f33305004495a9","hash":"4d58b6b6a299f421fe848dcddf80ac9c71e102e5"}
,"C:\\Users\\Work\\Desktop\\BACK-END\\GDSC_DUT\\Web\\gdsc-dut.dev\\BE\\src\\packages\\httpException\\InternalExeption.js": {"path":"C:\\Users\\Work\\Desktop\\BACK-END\\GDSC_DUT\\Web\\gdsc-dut.dev\\BE\\src\\packages\\httpException\\InternalExeption.js","statementMap":{"0":{"start":{"line":7,"column":8},"end":{"line":7,"column":63}}},"fnMap":{"0":{"name":"(anonymous_0)","decl":{"start":{"line":6,"column":4},"end":{"line":6,"column":5}},"loc":{"start":{"line":6,"column":47},"end":{"line":8,"column":5}},"line":6}},"branchMap":{"0":{"loc":{"start":{"line":6,"column":16},"end":{"line":6,"column":45}},"type":"default-arg","locations":[{"start":{"line":6,"column":22},"end":{"line":6,"column":45}}],"line":6}},"s":{"0":0},"f":{"0":0},"b":{"0":[0]},"_coverageSchema":"1a1c01bbd47fc00a2c39e90264f33305004495a9","hash":"03827b18082f5b0136a5bf99c2e09481d97470b5"}
,"C:\\Users\\Work\\Desktop\\BACK-END\\GDSC_DUT\\Web\\gdsc-dut.dev\\BE\\src\\packages\\httpException\\NotFoundException.js": {"path":"C:\\Users\\Work\\Desktop\\BACK-END\\GDSC_DUT\\Web\\gdsc-dut.dev\\BE\\src\\packages\\httpException\\NotFoundException.js","statementMap":{"0":{"start":{"line":7,"column":8},"end":{"line":7,"column":52}}},"fnMap":{"0":{"name":"(anonymous_0)","decl":{"start":{"line":6,"column":4},"end":{"line":6,"column":5}},"loc":{"start":{"line":6,"column":35},"end":{"line":8,"column":5}},"line":6}},"branchMap":{"0":{"loc":{"start":{"line":6,"column":16},"end":{"line":6,"column":33}},"type":"default-arg","locations":[{"start":{"line":6,"column":22},"end":{"line":6,"column":33}}],"line":6}},"s":{"0":0},"f":{"0":0},"b":{"0":[0]},"_coverageSchema":"1a1c01bbd47fc00a2c39e90264f33305004495a9","hash":"4b0d17fb380427bae09505492009ad0730bcf89e"}
,"C:\\Users\\Work\\Desktop\\BACK-END\\GDSC_DUT\\Web\\gdsc-dut.dev\\BE\\src\\packages\\httpException\\UnAuthorizeException.js": {"path":"C:\\Users\\Work\\Desktop\\BACK-END\\GDSC_DUT\\Web\\gdsc-dut.dev\\BE\\src\\packages\\httpException\\UnAuthorizeException.js","statementMap":{"0":{"start":{"line":7,"column":8},"end":{"line":7,"column":58}}},"fnMap":{"0":{"name":"(anonymous_0)","decl":{"start":{"line":6,"column":4},"end":{"line":6,"column":5}},"loc":{"start":{"line":6,"column":46},"end":{"line":8,"column":5}},"line":6}},"branchMap":{"0":{"loc":{"start":{"line":6,"column":16},"end":{"line":6,"column":44}},"type":"default-arg","locations":[{"start":{"line":6,"column":22},"end":{"line":6,"column":44}}],"line":6}},"s":{"0":0},"f":{"0":0},"b":{"0":[0]},"_coverageSchema":"1a1c01bbd47fc00a2c39e90264f33305004495a9","hash":"4da062fede6a6f83e06b4d12fc357247a0d251e6"}
,"C:\\Users\\Work\\Desktop\\BACK-END\\GDSC_DUT\\Web\\gdsc-dut.dev\\BE\\src\\packages\\httpException\\UniqueConstraintException.js": {"path":"C:\\Users\\Work\\Desktop\\BACK-END\\GDSC_DUT\\Web\\gdsc-dut.dev\\BE\\src\\packages\\httpException\\UniqueConstraintException.js","statementMap":{"0":{"start":{"line":7,"column":8},"end":{"line":7,"column":58}}},"fnMap":{"0":{"name":"(anonymous_0)","decl":{"start":{"line":6,"column":4},"end":{"line":6,"column":5}},"loc":{"start":{"line":6,"column":48},"end":{"line":8,"column":5}},"line":6}},"branchMap":{"0":{"loc":{"start":{"line":6,"column":16},"end":{"line":6,"column":46}},"type":"default-arg","locations":[{"start":{"line":6,"column":22},"end":{"line":6,"column":46}}],"line":6}},"s":{"0":0},"f":{"0":0},"b":{"0":[0]},"_coverageSchema":"1a1c01bbd47fc00a2c39e90264f33305004495a9","hash":"70f62912c1015b17fce4730a5bab5d32090904e7"}
,"C:\\Users\\Work\\Desktop\\BACK-END\\GDSC_DUT\\Web\\gdsc-dut.dev\\BE\\src\\packages\\httpException\\UnprocessableEntityExeception.js": {"path":"C:\\Users\\Work\\Desktop\\BACK-END\\GDSC_DUT\\Web\\gdsc-dut.dev\\BE\\src\\packages\\httpException\\UnprocessableEntityExeception.js","statementMap":{"0":{"start":{"line":7,"column":8},"end":{"line":7,"column":74}}},"fnMap":{"0":{"name":"(anonymous_0)","decl":{"start":{"line":6,"column":4},"end":{"line":6,"column":5}},"loc":{"start":{"line":6,"column":46},"end":{"line":8,"column":5}},"line":6}},"branchMap":{"0":{"loc":{"start":{"line":6,"column":16},"end":{"line":6,"column":44}},"type":"default-arg","locations":[{"start":{"line":6,"column":22},"end":{"line":6,"column":44}}],"line":6}},"s":{"0":0},"f":{"0":0},"b":{"0":[0]},"_coverageSchema":"1a1c01bbd47fc00a2c39e90264f33305004495a9","hash":"89279d3bea94a3078678678dabef3764bf3ecca7"}
,"C:\\Users\\Work\\Desktop\\BACK-END\\GDSC_DUT\\Web\\gdsc-dut.dev\\BE\\src\\packages\\httpException\\error.enum.js": {"path":"C:\\Users\\Work\\Desktop\\BACK-END\\GDSC_DUT\\Web\\gdsc-dut.dev\\BE\\src\\packages\\httpException\\error.enum.js","statementMap":{"0":{"start":{"line":1,"column":26},"end":{"line":11,"column":1}}},"fnMap":{},"branchMap":{},"s":{"0":4},"f":{},"b":{},"_coverageSchema":"1a1c01bbd47fc00a2c39e90264f33305004495a9","hash":"5cf7ac8aa1747dbd09f14c2b541e3a359487af52"}
,"C:\\Users\\Work\\Desktop\\BACK-END\\GDSC_DUT\\Web\\gdsc-dut.dev\\BE\\src\\packages\\httpException\\index.js": {"path":"C:\\Users\\Work\\Desktop\\BACK-END\\GDSC_DUT\\Web\\gdsc-dut.dev\\BE\\src\\packages\\httpException\\index.js","statementMap":{},"fnMap":{},"branchMap":{},"s":{},"f":{},"b":{},"_coverageSchema":"1a1c01bbd47fc00a2c39e90264f33305004495a9","hash":"1a35c030bf91f7d3711356db7bfeb575851de88c"}
,"C:\\Users\\Work\\Desktop\\BACK-END\\GDSC_DUT\\Web\\gdsc-dut.dev\\BE\\src\\packages\\logger\\index.js": {"path":"C:\\Users\\Work\\Desktop\\BACK-END\\GDSC_DUT\\Web\\gdsc-dut.dev\\BE\\src\\packages\\logger\\index.js","statementMap":{"0":{"start":{"line":8,"column":4},"end":{"line":8,"column":10}},"1":{"start":{"line":10,"column":15},"end":{"line":37,"column":2}},"2":{"start":{"line":25,"column":20},"end":{"line":25,"column":91}},"3":{"start":{"line":25,"column":35},"end":{"line":25,"column":91}},"4":{"start":{"line":26,"column":20},"end":{"line":26,"column":78}}},"fnMap":{"0":{"name":"(anonymous_0)","decl":{"start":{"line":24,"column":23},"end":{"line":24,"column":24}},"loc":{"start":{"line":24,"column":30},"end":{"line":27,"column":17}},"line":24}},"branchMap":{"0":{"loc":{"start":{"line":25,"column":20},"end":{"line":25,"column":91}},"type":"if","locations":[{"start":{"line":25,"column":20},"end":{"line":25,"column":91}},{"start":{},"end":{}}],"line":25}},"s":{"0":4,"1":4,"2":7,"3":0,"4":7},"f":{"0":7},"b":{"0":[0,7]},"_coverageSchema":"1a1c01bbd47fc00a2c39e90264f33305004495a9","hash":"c48e77ecc1c08b58b46952a26fb795181214169b"}
,"C:\\Users\\Work\\Desktop\\BACK-END\\GDSC_DUT\\Web\\gdsc-dut.dev\\BE\\src\\packages\\restBuilder\\core\\dataHandler\\data.repository.js": {"path":"C:\\Users\\Work\\Desktop\\BACK-END\\GDSC_DUT\\Web\\gdsc-dut.dev\\BE\\src\\packages\\restBuilder\\core\\dataHandler\\data.repository.js","statementMap":{"0":{"start":{"line":14,"column":8},"end":{"line":14,"column":32}},"1":{"start":{"line":15,"column":8},"end":{"line":15,"column":38}},"2":{"start":{"line":16,"column":8},"end":{"line":16,"column":85}},"3":{"start":{"line":20,"column":8},"end":{"line":20,"column":53}},"4":{"start":{"line":34,"column":8},"end":{"line":42,"column":39}},"5":{"start":{"line":46,"column":26},"end":{"line":46,"column":111}},"6":{"start":{"line":47,"column":8},"end":{"line":52,"column":31}},"7":{"start":{"line":52,"column":19},"end":{"line":52,"column":29}},"8":{"start":{"line":56,"column":8},"end":{"line":56,"column":107}},"9":{"start":{"line":60,"column":8},"end":{"line":60,"column":99}},"10":{"start":{"line":64,"column":8},"end":{"line":64,"column":97}},"11":{"start":{"line":73,"column":8},"end":{"line":73,"column":92}},"12":{"start":{"line":83,"column":29},"end":{"line":83,"column":63}},"13":{"start":{"line":84,"column":8},"end":{"line":84,"column":47}},"14":{"start":{"line":84,"column":17},"end":{"line":84,"column":47}},"15":{"start":{"line":85,"column":8},"end":{"line":85,"column":28}},"16":{"start":{"line":89,"column":29},"end":{"line":89,"column":92}},"17":{"start":{"line":90,"column":8},"end":{"line":90,"column":47}},"18":{"start":{"line":90,"column":17},"end":{"line":90,"column":47}},"19":{"start":{"line":91,"column":8},"end":{"line":91,"column":28}},"20":{"start":{"line":95,"column":29},"end":{"line":95,"column":69}},"21":{"start":{"line":96,"column":8},"end":{"line":96,"column":47}},"22":{"start":{"line":96,"column":17},"end":{"line":96,"column":47}},"23":{"start":{"line":97,"column":8},"end":{"line":97,"column":28}},"24":{"start":{"line":101,"column":29},"end":{"line":101,"column":116}},"25":{"start":{"line":102,"column":8},"end":{"line":102,"column":47}},"26":{"start":{"line":102,"column":17},"end":{"line":102,"column":47}},"27":{"start":{"line":103,"column":8},"end":{"line":103,"column":28}},"28":{"start":{"line":107,"column":29},"end":{"line":107,"column":98}},"29":{"start":{"line":108,"column":8},"end":{"line":108,"column":47}},"30":{"start":{"line":108,"column":17},"end":{"line":108,"column":47}},"31":{"start":{"line":109,"column":8},"end":{"line":109,"column":28}},"32":{"start":{"line":113,"column":8},"end":{"line":113,"column":55}}},"fnMap":{"0":{"name":"(anonymous_0)","decl":{"start":{"line":13,"column":4},"end":{"line":13,"column":5}},"loc":{"start":{"line":13,"column":27},"end":{"line":17,"column":5}},"line":13},"1":{"name":"(anonymous_1)","decl":{"start":{"line":19,"column":4},"end":{"line":19,"column":5}},"loc":{"start":{"line":19,"column":12},"end":{"line":21,"column":5}},"line":19},"2":{"name":"(anonymous_2)","decl":{"start":{"line":32,"column":4},"end":{"line":32,"column":5}},"loc":{"start":{"line":33,"column":57},"end":{"line":43,"column":5}},"line":33},"3":{"name":"(anonymous_3)","decl":{"start":{"line":45,"column":4},"end":{"line":45,"column":5}},"loc":{"start":{"line":45,"column":80},"end":{"line":53,"column":5}},"line":45},"4":{"name":"(anonymous_4)","decl":{"start":{"line":52,"column":11},"end":{"line":52,"column":12}},"loc":{"start":{"line":52,"column":19},"end":{"line":52,"column":29}},"line":52},"5":{"name":"(anonymous_5)","decl":{"start":{"line":55,"column":4},"end":{"line":55,"column":5}},"loc":{"start":{"line":55,"column":72},"end":{"line":57,"column":5}},"line":55},"6":{"name":"(anonymous_6)","decl":{"start":{"line":59,"column":4},"end":{"line":59,"column":5}},"loc":{"start":{"line":59,"column":56},"end":{"line":61,"column":5}},"line":59},"7":{"name":"(anonymous_7)","decl":{"start":{"line":63,"column":4},"end":{"line":63,"column":5}},"loc":{"start":{"line":63,"column":52},"end":{"line":65,"column":5}},"line":63},"8":{"name":"(anonymous_8)","decl":{"start":{"line":72,"column":4},"end":{"line":72,"column":5}},"loc":{"start":{"line":72,"column":42},"end":{"line":74,"column":5}},"line":72},"9":{"name":"(anonymous_9)","decl":{"start":{"line":82,"column":4},"end":{"line":82,"column":5}},"loc":{"start":{"line":82,"column":50},"end":{"line":86,"column":5}},"line":82},"10":{"name":"(anonymous_10)","decl":{"start":{"line":88,"column":4},"end":{"line":88,"column":5}},"loc":{"start":{"line":88,"column":38},"end":{"line":92,"column":5}},"line":88},"11":{"name":"(anonymous_11)","decl":{"start":{"line":94,"column":4},"end":{"line":94,"column":5}},"loc":{"start":{"line":94,"column":43},"end":{"line":98,"column":5}},"line":94},"12":{"name":"(anonymous_12)","decl":{"start":{"line":100,"column":4},"end":{"line":100,"column":5}},"loc":{"start":{"line":100,"column":36},"end":{"line":104,"column":5}},"line":100},"13":{"name":"(anonymous_13)","decl":{"start":{"line":106,"column":4},"end":{"line":106,"column":5}},"loc":{"start":{"line":106,"column":45},"end":{"line":110,"column":5}},"line":106},"14":{"name":"(anonymous_14)","decl":{"start":{"line":112,"column":4},"end":{"line":112,"column":5}},"loc":{"start":{"line":112,"column":18},"end":{"line":114,"column":5}},"line":112}},"branchMap":{"0":{"loc":{"start":{"line":33,"column":20},"end":{"line":33,"column":55}},"type":"default-arg","locations":[{"start":{"line":33,"column":36},"end":{"line":33,"column":55}}],"line":33},"1":{"loc":{"start":{"line":82,"column":11},"end":{"line":82,"column":20}},"type":"default-arg","locations":[{"start":{"line":82,"column":18},"end":{"line":82,"column":20}}],"line":82},"2":{"loc":{"start":{"line":82,"column":22},"end":{"line":82,"column":32}},"type":"default-arg","locations":[{"start":{"line":82,"column":28},"end":{"line":82,"column":32}}],"line":82},"3":{"loc":{"start":{"line":82,"column":34},"end":{"line":82,"column":48}},"type":"default-arg","locations":[{"start":{"line":82,"column":44},"end":{"line":82,"column":48}}],"line":82},"4":{"loc":{"start":{"line":84,"column":8},"end":{"line":84,"column":47}},"type":"if","locations":[{"start":{"line":84,"column":8},"end":{"line":84,"column":47}},{"start":{},"end":{}}],"line":84},"5":{"loc":{"start":{"line":88,"column":15},"end":{"line":88,"column":24}},"type":"default-arg","locations":[{"start":{"line":88,"column":22},"end":{"line":88,"column":24}}],"line":88},"6":{"loc":{"start":{"line":88,"column":26},"end":{"line":88,"column":36}},"type":"default-arg","locations":[{"start":{"line":88,"column":32},"end":{"line":88,"column":36}}],"line":88},"7":{"loc":{"start":{"line":90,"column":8},"end":{"line":90,"column":47}},"type":"if","locations":[{"start":{"line":90,"column":8},"end":{"line":90,"column":47}},{"start":{},"end":{}}],"line":90},"8":{"loc":{"start":{"line":94,"column":31},"end":{"line":94,"column":41}},"type":"default-arg","locations":[{"start":{"line":94,"column":37},"end":{"line":94,"column":41}}],"line":94},"9":{"loc":{"start":{"line":96,"column":8},"end":{"line":96,"column":47}},"type":"if","locations":[{"start":{"line":96,"column":8},"end":{"line":96,"column":47}},{"start":{},"end":{}}],"line":96},"10":{"loc":{"start":{"line":100,"column":24},"end":{"line":100,"column":34}},"type":"default-arg","locations":[{"start":{"line":100,"column":30},"end":{"line":100,"column":34}}],"line":100},"11":{"loc":{"start":{"line":102,"column":8},"end":{"line":102,"column":47}},"type":"if","locations":[{"start":{"line":102,"column":8},"end":{"line":102,"column":47}},{"start":{},"end":{}}],"line":102},"12":{"loc":{"start":{"line":106,"column":17},"end":{"line":106,"column":27}},"type":"default-arg","locations":[{"start":{"line":106,"column":23},"end":{"line":106,"column":27}}],"line":106},"13":{"loc":{"start":{"line":106,"column":29},"end":{"line":106,"column":43}},"type":"default-arg","locations":[{"start":{"line":106,"column":39},"end":{"line":106,"column":43}}],"line":106},"14":{"loc":{"start":{"line":108,"column":8},"end":{"line":108,"column":47}},"type":"if","locations":[{"start":{"line":108,"column":8},"end":{"line":108,"column":47}},{"start":{},"end":{}}],"line":108}},"s":{"0":2,"1":2,"2":2,"3":0,"4":0,"5":0,"6":0,"7":0,"8":0,"9":0,"10":0,"11":0,"12":0,"13":0,"14":0,"15":0,"16":0,"17":0,"18":0,"19":0,"20":0,"21":0,"22":0,"23":0,"24":0,"25":0,"26":0,"27":0,"28":0,"29":0,"30":0,"31":0,"32":0},"f":{"0":2,"1":0,"2":0,"3":0,"4":0,"5":0,"6":0,"7":0,"8":0,"9":0,"10":0,"11":0,"12":0,"13":0,"14":0},"b":{"0":[0],"1":[0],"2":[0],"3":[0],"4":[0,0],"5":[0],"6":[0],"7":[0,0],"8":[0],"9":[0,0],"10":[0],"11":[0,0],"12":[0],"13":[0],"14":[0,0]},"_coverageSchema":"1a1c01bbd47fc00a2c39e90264f33305004495a9","hash":"506097d92e515c7d95a143aa3820f3a45a839c2f"}
,"C:\\Users\\Work\\Desktop\\BACK-END\\GDSC_DUT\\Web\\gdsc-dut.dev\\BE\\src\\packages\\restBuilder\\core\\dataHandler\\index.js": {"path":"C:\\Users\\Work\\Desktop\\BACK-END\\GDSC_DUT\\Web\\gdsc-dut.dev\\BE\\src\\packages\\restBuilder\\core\\dataHandler\\index.js","statementMap":{},"fnMap":{},"branchMap":{},"s":{},"f":{},"b":{},"_coverageSchema":"1a1c01bbd47fc00a2c39e90264f33305004495a9","hash":"259da2ac61e20b740f757bf606767c095da29245"}
,"C:\\Users\\Work\\Desktop\\BACK-END\\GDSC_DUT\\Web\\gdsc-dut.dev\\BE\\src\\packages\\restBuilder\\core\\queryBuilder\\queryBuilder.js": {"path":"C:\\Users\\Work\\Desktop\\BACK-END\\GDSC_DUT\\Web\\gdsc-dut.dev\\BE\\src\\packages\\restBuilder\\core\\queryBuilder\\queryBuilder.js","statementMap":{"0":{"start":{"line":21,"column":23},"end":{"line":21,"column":25}},"1":{"start":{"line":23,"column":20},"end":{"line":23,"column":22}},"2":{"start":{"line":25,"column":22},"end":{"line":25,"column":24}},"3":{"start":{"line":29,"column":18},"end":{"line":29,"column":20}},"4":{"start":{"line":31,"column":18},"end":{"line":31,"column":20}},"5":{"start":{"line":34,"column":8},"end":{"line":34,"column":35}},"6":{"start":{"line":38,"column":27},"end":{"line":38,"column":45}},"7":{"start":{"line":39,"column":8},"end":{"line":39,"column":48}},"8":{"start":{"line":40,"column":8},"end":{"line":51,"column":9}},"9":{"start":{"line":41,"column":34},"end":{"line":41,"column":69}},"10":{"start":{"line":43,"column":12},"end":{"line":43,"column":50}},"11":{"start":{"line":44,"column":12},"end":{"line":44,"column":62}},"12":{"start":{"line":45,"column":12},"end":{"line":45,"column":62}},"13":{"start":{"line":46,"column":12},"end":{"line":46,"column":71}},"14":{"start":{"line":47,"column":12},"end":{"line":47,"column":66}},"15":{"start":{"line":48,"column":12},"end":{"line":48,"column":70}},"16":{"start":{"line":49,"column":12},"end":{"line":49,"column":52}},"17":{"start":{"line":50,"column":12},"end":{"line":50,"column":54}},"18":{"start":{"line":52,"column":8},"end":{"line":55,"column":10}},"19":{"start":{"line":58,"column":12},"end":{"line":61,"column":5}},"20":{"start":{"line":58,"column":25},"end":{"line":61,"column":5}},"21":{"start":{"line":59,"column":8},"end":{"line":59,"column":36}},"22":{"start":{"line":60,"column":8},"end":{"line":60,"column":20}},"23":{"start":{"line":64,"column":8},"end":{"line":73,"column":10}},"24":{"start":{"line":77,"column":8},"end":{"line":77,"column":26}},"25":{"start":{"line":78,"column":8},"end":{"line":78,"column":20}},"26":{"start":{"line":82,"column":8},"end":{"line":84,"column":9}},"27":{"start":{"line":83,"column":12},"end":{"line":83,"column":42}},"28":{"start":{"line":85,"column":8},"end":{"line":85,"column":20}},"29":{"start":{"line":89,"column":8},"end":{"line":91,"column":9}},"30":{"start":{"line":90,"column":12},"end":{"line":90,"column":38}},"31":{"start":{"line":92,"column":8},"end":{"line":92,"column":20}},"32":{"start":{"line":99,"column":8},"end":{"line":99,"column":30}},"33":{"start":{"line":100,"column":8},"end":{"line":100,"column":20}},"34":{"start":{"line":107,"column":8},"end":{"line":107,"column":28}},"35":{"start":{"line":108,"column":8},"end":{"line":108,"column":20}},"36":{"start":{"line":116,"column":8},"end":{"line":116,"column":30}},"37":{"start":{"line":117,"column":8},"end":{"line":117,"column":28}},"38":{"start":{"line":118,"column":8},"end":{"line":118,"column":20}},"39":{"start":{"line":125,"column":8},"end":{"line":131,"column":9}},"40":{"start":{"line":126,"column":12},"end":{"line":128,"column":13}},"41":{"start":{"line":127,"column":16},"end":{"line":127,"column":134}},"42":{"start":{"line":129,"column":12},"end":{"line":129,"column":43}},"43":{"start":{"line":130,"column":12},"end":{"line":130,"column":45}},"44":{"start":{"line":133,"column":8},"end":{"line":133,"column":20}},"45":{"start":{"line":140,"column":8},"end":{"line":145,"column":9}},"46":{"start":{"line":141,"column":12},"end":{"line":143,"column":13}},"47":{"start":{"line":142,"column":16},"end":{"line":142,"column":126}},"48":{"start":{"line":144,"column":12},"end":{"line":144,"column":54}},"49":{"start":{"line":147,"column":8},"end":{"line":147,"column":20}},"50":{"start":{"line":154,"column":8},"end":{"line":159,"column":9}},"51":{"start":{"line":155,"column":12},"end":{"line":157,"column":13}},"52":{"start":{"line":156,"column":16},"end":{"line":156,"column":126}},"53":{"start":{"line":158,"column":12},"end":{"line":158,"column":53}},"54":{"start":{"line":160,"column":8},"end":{"line":160,"column":20}},"55":{"start":{"line":167,"column":8},"end":{"line":172,"column":9}},"56":{"start":{"line":168,"column":12},"end":{"line":170,"column":13}},"57":{"start":{"line":169,"column":16},"end":{"line":169,"column":122}},"58":{"start":{"line":171,"column":12},"end":{"line":171,"column":49}},"59":{"start":{"line":173,"column":8},"end":{"line":173,"column":20}},"60":{"start":{"line":177,"column":8},"end":{"line":177,"column":27}},"61":{"start":{"line":178,"column":8},"end":{"line":178,"column":28}},"62":{"start":{"line":179,"column":8},"end":{"line":179,"column":20}},"63":{"start":{"line":183,"column":8},"end":{"line":183,"column":28}},"64":{"start":{"line":184,"column":8},"end":{"line":184,"column":20}},"65":{"start":{"line":188,"column":8},"end":{"line":188,"column":27}},"66":{"start":{"line":189,"column":8},"end":{"line":189,"column":20}},"67":{"start":{"line":193,"column":8},"end":{"line":193,"column":70}},"68":{"start":{"line":194,"column":8},"end":{"line":194,"column":35}},"69":{"start":{"line":195,"column":8},"end":{"line":195,"column":20}},"70":{"start":{"line":199,"column":8},"end":{"line":203,"column":9}},"71":{"start":{"line":199,"column":21},"end":{"line":199,"column":22}},"72":{"start":{"line":200,"column":12},"end":{"line":202,"column":13}},"73":{"start":{"line":201,"column":16},"end":{"line":201,"column":50}},"74":{"start":{"line":204,"column":8},"end":{"line":204,"column":20}},"75":{"start":{"line":208,"column":8},"end":{"line":212,"column":9}},"76":{"start":{"line":208,"column":21},"end":{"line":208,"column":22}},"77":{"start":{"line":209,"column":12},"end":{"line":211,"column":13}},"78":{"start":{"line":210,"column":16},"end":{"line":210,"column":47}},"79":{"start":{"line":213,"column":8},"end":{"line":213,"column":20}},"80":{"start":{"line":217,"column":8},"end":{"line":222,"column":9}},"81":{"start":{"line":218,"column":12},"end":{"line":220,"column":13}},"82":{"start":{"line":219,"column":16},"end":{"line":219,"column":83}},"83":{"start":{"line":221,"column":12},"end":{"line":221,"column":50}},"84":{"start":{"line":224,"column":8},"end":{"line":230,"column":9}},"85":{"start":{"line":225,"column":12},"end":{"line":227,"column":13}},"86":{"start":{"line":226,"column":16},"end":{"line":226,"column":84}},"87":{"start":{"line":229,"column":12},"end":{"line":229,"column":52}},"88":{"start":{"line":232,"column":8},"end":{"line":236,"column":9}},"89":{"start":{"line":233,"column":12},"end":{"line":235,"column":15}},"90":{"start":{"line":234,"column":16},"end":{"line":234,"column":87}},"91":{"start":{"line":238,"column":8},"end":{"line":242,"column":9}},"92":{"start":{"line":239,"column":12},"end":{"line":239,"column":61}},"93":{"start":{"line":241,"column":12},"end":{"line":241,"column":63}},"94":{"start":{"line":244,"column":8},"end":{"line":251,"column":9}},"95":{"start":{"line":245,"column":32},"end":{"line":245,"column":58}},"96":{"start":{"line":246,"column":12},"end":{"line":250,"column":15}},"97":{"start":{"line":247,"column":16},"end":{"line":249,"column":19}},"98":{"start":{"line":248,"column":20},"end":{"line":248,"column":62}},"99":{"start":{"line":253,"column":8},"end":{"line":255,"column":9}},"100":{"start":{"line":254,"column":12},"end":{"line":254,"column":59}},"101":{"start":{"line":257,"column":8},"end":{"line":259,"column":11}},"102":{"start":{"line":258,"column":12},"end":{"line":258,"column":64}},"103":{"start":{"line":261,"column":8},"end":{"line":263,"column":11}},"104":{"start":{"line":262,"column":12},"end":{"line":262,"column":79}},"105":{"start":{"line":265,"column":8},"end":{"line":265,"column":34}}},"fnMap":{"0":{"name":"(anonymous_0)","decl":{"start":{"line":33,"column":4},"end":{"line":33,"column":5}},"loc":{"start":{"line":33,"column":23},"end":{"line":35,"column":5}},"line":33},"1":{"name":"(anonymous_1)","decl":{"start":{"line":37,"column":4},"end":{"line":37,"column":5}},"loc":{"start":{"line":37,"column":51},"end":{"line":56,"column":5}},"line":37},"2":{"name":"(anonymous_2)","decl":{"start":{"line":58,"column":12},"end":{"line":58,"column":13}},"loc":{"start":{"line":58,"column":25},"end":{"line":61,"column":5}},"line":58},"3":{"name":"(anonymous_3)","decl":{"start":{"line":58,"column":25},"end":{"line":58,"column":26}},"loc":{"start":{"line":58,"column":31},"end":{"line":61,"column":5}},"line":58},"4":{"name":"(anonymous_4)","decl":{"start":{"line":63,"column":4},"end":{"line":63,"column":5}},"loc":{"start":{"line":63,"column":23},"end":{"line":74,"column":5}},"line":63},"5":{"name":"(anonymous_5)","decl":{"start":{"line":76,"column":4},"end":{"line":76,"column":5}},"loc":{"start":{"line":76,"column":18},"end":{"line":79,"column":5}},"line":76},"6":{"name":"(anonymous_6)","decl":{"start":{"line":81,"column":4},"end":{"line":81,"column":5}},"loc":{"start":{"line":81,"column":30},"end":{"line":86,"column":5}},"line":81},"7":{"name":"(anonymous_7)","decl":{"start":{"line":88,"column":4},"end":{"line":88,"column":5}},"loc":{"start":{"line":88,"column":26},"end":{"line":93,"column":5}},"line":88},"8":{"name":"(anonymous_8)","decl":{"start":{"line":98,"column":4},"end":{"line":98,"column":5}},"loc":{"start":{"line":98,"column":22},"end":{"line":101,"column":5}},"line":98},"9":{"name":"(anonymous_9)","decl":{"start":{"line":106,"column":4},"end":{"line":106,"column":5}},"loc":{"start":{"line":106,"column":20},"end":{"line":109,"column":5}},"line":106},"10":{"name":"(anonymous_10)","decl":{"start":{"line":115,"column":4},"end":{"line":115,"column":5}},"loc":{"start":{"line":115,"column":37},"end":{"line":119,"column":5}},"line":115},"11":{"name":"(anonymous_11)","decl":{"start":{"line":124,"column":4},"end":{"line":124,"column":5}},"loc":{"start":{"line":124,"column":30},"end":{"line":134,"column":5}},"line":124},"12":{"name":"(anonymous_12)","decl":{"start":{"line":139,"column":4},"end":{"line":139,"column":5}},"loc":{"start":{"line":139,"column":22},"end":{"line":148,"column":5}},"line":139},"13":{"name":"(anonymous_13)","decl":{"start":{"line":153,"column":4},"end":{"line":153,"column":5}},"loc":{"start":{"line":153,"column":22},"end":{"line":161,"column":5}},"line":153},"14":{"name":"(anonymous_14)","decl":{"start":{"line":166,"column":4},"end":{"line":166,"column":5}},"loc":{"start":{"line":166,"column":18},"end":{"line":174,"column":5}},"line":166},"15":{"name":"(anonymous_15)","decl":{"start":{"line":176,"column":4},"end":{"line":176,"column":5}},"loc":{"start":{"line":176,"column":22},"end":{"line":180,"column":5}},"line":176},"16":{"name":"(anonymous_16)","decl":{"start":{"line":182,"column":4},"end":{"line":182,"column":5}},"loc":{"start":{"line":182,"column":18},"end":{"line":185,"column":5}},"line":182},"17":{"name":"(anonymous_17)","decl":{"start":{"line":187,"column":4},"end":{"line":187,"column":5}},"loc":{"start":{"line":187,"column":17},"end":{"line":190,"column":5}},"line":187},"18":{"name":"(anonymous_18)","decl":{"start":{"line":192,"column":4},"end":{"line":192,"column":5}},"loc":{"start":{"line":192,"column":19},"end":{"line":196,"column":5}},"line":192},"19":{"name":"(anonymous_19)","decl":{"start":{"line":198,"column":4},"end":{"line":198,"column":5}},"loc":{"start":{"line":198,"column":25},"end":{"line":205,"column":5}},"line":198},"20":{"name":"(anonymous_20)","decl":{"start":{"line":207,"column":4},"end":{"line":207,"column":5}},"loc":{"start":{"line":207,"column":23},"end":{"line":214,"column":5}},"line":207},"21":{"name":"(anonymous_21)","decl":{"start":{"line":216,"column":4},"end":{"line":216,"column":5}},"loc":{"start":{"line":216,"column":10},"end":{"line":266,"column":5}},"line":216},"22":{"name":"(anonymous_22)","decl":{"start":{"line":233,"column":37},"end":{"line":233,"column":38}},"loc":{"start":{"line":233,"column":50},"end":{"line":235,"column":13}},"line":233},"23":{"name":"(anonymous_23)","decl":{"start":{"line":246,"column":50},"end":{"line":246,"column":51}},"loc":{"start":{"line":246,"column":65},"end":{"line":250,"column":13}},"line":246},"24":{"name":"(anonymous_24)","decl":{"start":{"line":247,"column":41},"end":{"line":247,"column":42}},"loc":{"start":{"line":247,"column":53},"end":{"line":249,"column":17}},"line":247},"25":{"name":"(anonymous_25)","decl":{"start":{"line":257,"column":33},"end":{"line":257,"column":34}},"loc":{"start":{"line":257,"column":42},"end":{"line":259,"column":9}},"line":257},"26":{"name":"(anonymous_26)","decl":{"start":{"line":261,"column":38},"end":{"line":261,"column":39}},"loc":{"start":{"line":261,"column":48},"end":{"line":263,"column":9}},"line":261}},"branchMap":{"0":{"loc":{"start":{"line":40,"column":8},"end":{"line":51,"column":9}},"type":"if","locations":[{"start":{"line":40,"column":8},"end":{"line":51,"column":9}},{"start":{},"end":{}}],"line":40},"1":{"loc":{"start":{"line":82,"column":8},"end":{"line":84,"column":9}},"type":"if","locations":[{"start":{"line":82,"column":8},"end":{"line":84,"column":9}},{"start":{},"end":{}}],"line":82},"2":{"loc":{"start":{"line":82,"column":12},"end":{"line":82,"column":62}},"type":"binary-expr","locations":[{"start":{"line":82,"column":12},"end":{"line":82,"column":37}},{"start":{"line":82,"column":41},"end":{"line":82,"column":62}}],"line":82},"3":{"loc":{"start":{"line":89,"column":8},"end":{"line":91,"column":9}},"type":"if","locations":[{"start":{"line":89,"column":8},"end":{"line":91,"column":9}},{"start":{},"end":{}}],"line":89},"4":{"loc":{"start":{"line":89,"column":12},"end":{"line":89,"column":54}},"type":"binary-expr","locations":[{"start":{"line":89,"column":12},"end":{"line":89,"column":33}},{"start":{"line":89,"column":37},"end":{"line":89,"column":54}}],"line":89},"5":{"loc":{"start":{"line":125,"column":8},"end":{"line":131,"column":9}},"type":"if","locations":[{"start":{"line":125,"column":8},"end":{"line":131,"column":9}},{"start":{},"end":{}}],"line":125},"6":{"loc":{"start":{"line":126,"column":12},"end":{"line":128,"column":13}},"type":"if","locations":[{"start":{"line":126,"column":12},"end":{"line":128,"column":13}},{"start":{},"end":{}}],"line":126},"7":{"loc":{"start":{"line":140,"column":8},"end":{"line":145,"column":9}},"type":"if","locations":[{"start":{"line":140,"column":8},"end":{"line":145,"column":9}},{"start":{},"end":{}}],"line":140},"8":{"loc":{"start":{"line":141,"column":12},"end":{"line":143,"column":13}},"type":"if","locations":[{"start":{"line":141,"column":12},"end":{"line":143,"column":13}},{"start":{},"end":{}}],"line":141},"9":{"loc":{"start":{"line":154,"column":8},"end":{"line":159,"column":9}},"type":"if","locations":[{"start":{"line":154,"column":8},"end":{"line":159,"column":9}},{"start":{},"end":{}}],"line":154},"10":{"loc":{"start":{"line":155,"column":12},"end":{"line":157,"column":13}},"type":"if","locations":[{"start":{"line":155,"column":12},"end":{"line":157,"column":13}},{"start":{},"end":{}}],"line":155},"11":{"loc":{"start":{"line":167,"column":8},"end":{"line":172,"column":9}},"type":"if","locations":[{"start":{"line":167,"column":8},"end":{"line":172,"column":9}},{"start":{},"end":{}}],"line":167},"12":{"loc":{"start":{"line":168,"column":12},"end":{"line":170,"column":13}},"type":"if","locations":[{"start":{"line":168,"column":12},"end":{"line":170,"column":13}},{"start":{},"end":{}}],"line":168},"13":{"loc":{"start":{"line":200,"column":12},"end":{"line":202,"column":13}},"type":"if","locations":[{"start":{"line":200,"column":12},"end":{"line":202,"column":13}},{"start":{},"end":{}}],"line":200},"14":{"loc":{"start":{"line":209,"column":12},"end":{"line":211,"column":13}},"type":"if","locations":[{"start":{"line":209,"column":12},"end":{"line":211,"column":13}},{"start":{},"end":{}}],"line":209},"15":{"loc":{"start":{"line":217,"column":8},"end":{"line":222,"column":9}},"type":"if","locations":[{"start":{"line":217,"column":8},"end":{"line":222,"column":9}},{"start":{},"end":{}}],"line":217},"16":{"loc":{"start":{"line":218,"column":12},"end":{"line":220,"column":13}},"type":"if","locations":[{"start":{"line":218,"column":12},"end":{"line":220,"column":13}},{"start":{},"end":{}}],"line":218},"17":{"loc":{"start":{"line":224,"column":8},"end":{"line":230,"column":9}},"type":"if","locations":[{"start":{"line":224,"column":8},"end":{"line":230,"column":9}},{"start":{},"end":{}}],"line":224},"18":{"loc":{"start":{"line":224,"column":12},"end":{"line":224,"column":46}},"type":"binary-expr","locations":[{"start":{"line":224,"column":12},"end":{"line":224,"column":24}},{"start":{"line":224,"column":28},"end":{"line":224,"column":46}}],"line":224},"19":{"loc":{"start":{"line":225,"column":12},"end":{"line":227,"column":13}},"type":"if","locations":[{"start":{"line":225,"column":12},"end":{"line":227,"column":13}},{"start":{},"end":{}}],"line":225},"20":{"loc":{"start":{"line":232,"column":8},"end":{"line":236,"column":9}},"type":"if","locations":[{"start":{"line":232,"column":8},"end":{"line":236,"column":9}},{"start":{},"end":{}}],"line":232},"21":{"loc":{"start":{"line":238,"column":8},"end":{"line":242,"column":9}},"type":"if","locations":[{"start":{"line":238,"column":8},"end":{"line":242,"column":9}},{"start":{"line":240,"column":15},"end":{"line":242,"column":9}}],"line":238},"22":{"loc":{"start":{"line":244,"column":8},"end":{"line":251,"column":9}},"type":"if","locations":[{"start":{"line":244,"column":8},"end":{"line":251,"column":9}},{"start":{},"end":{}}],"line":244},"23":{"loc":{"start":{"line":253,"column":8},"end":{"line":255,"column":9}},"type":"if","locations":[{"start":{"line":253,"column":8},"end":{"line":255,"column":9}},{"start":{},"end":{}}],"line":253}},"s":{"0":0,"1":0,"2":0,"3":0,"4":0,"5":0,"6":0,"7":0,"8":0,"9":0,"10":0,"11":0,"12":0,"13":0,"14":0,"15":0,"16":0,"17":0,"18":0,"19":0,"20":0,"21":0,"22":0,"23":0,"24":0,"25":0,"26":0,"27":0,"28":0,"29":0,"30":0,"31":0,"32":0,"33":0,"34":0,"35":0,"36":0,"37":0,"38":0,"39":0,"40":0,"41":0,"42":0,"43":0,"44":0,"45":0,"46":0,"47":0,"48":0,"49":0,"50":0,"51":0,"52":0,"53":0,"54":0,"55":0,"56":0,"57":0,"58":0,"59":0,"60":0,"61":0,"62":0,"63":0,"64":0,"65":0,"66":0,"67":0,"68":0,"69":0,"70":0,"71":0,"72":0,"73":0,"74":0,"75":0,"76":0,"77":0,"78":0,"79":0,"80":0,"81":0,"82":0,"83":0,"84":0,"85":0,"86":0,"87":0,"88":0,"89":0,"90":0,"91":0,"92":0,"93":0,"94":0,"95":0,"96":0,"97":0,"98":0,"99":0,"100":0,"101":0,"102":0,"103":0,"104":0,"105":0},"f":{"0":0,"1":0,"2":0,"3":0,"4":0,"5":0,"6":0,"7":0,"8":0,"9":0,"10":0,"11":0,"12":0,"13":0,"14":0,"15":0,"16":0,"17":0,"18":0,"19":0,"20":0,"21":0,"22":0,"23":0,"24":0,"25":0,"26":0},"b":{"0":[0,0],"1":[0,0],"2":[0,0],"3":[0,0],"4":[0,0],"5":[0,0],"6":[0,0],"7":[0,0],"8":[0,0],"9":[0,0],"10":[0,0],"11":[0,0],"12":[0,0],"13":[0,0],"14":[0,0],"15":[0,0],"16":[0,0],"17":[0,0],"18":[0,0],"19":[0,0],"20":[0,0],"21":[0,0],"22":[0,0],"23":[0,0]},"_coverageSchema":"1a1c01bbd47fc00a2c39e90264f33305004495a9","hash":"0a778c8009ae3b57a786acaa7b99bab3d81ac238"}
[...]
,"C:\\Users\\Work\\Desktop\\BACK-END\\GDSC_DUT\\Web\\gdsc-dut.dev\\BE\\src\\packages\\restBuilder\\modules\\validator\\sign.validator.js": {"path":"C:\\Users\\Work\\Desktop\\BACK-END\\GDSC_DUT\\Web\\gdsc-dut.dev\\BE\\src\\packages\\restBuilder\\modules\\validator\\sign.validator.js","statementMap":{"0":{"start":{"line":6,"column":21},"end":{"line":6,"column":27}},"1":{"start":{"line":7,"column":8},"end":{"line":7,"column":92}},"2":{"start":{"line":7,"column":31},"end":{"line":7,"column":92}}},"fnMap":{"0":{"name":"(anonymous_0)","decl":{"start":{"line":5,"column":4},"end":{"line":5,"column":5}},"loc":{"start":{"line":5,"column":18},"end":{"line":8,"column":5}},"line":5}},"branchMap":{"0":{"loc":{"start":{"line":7,"column":8},"end":{"line":7,"column":92}},"type":"if","locations":[{"start":{"line":7,"column":8},"end":{"line":7,"column":92}},{"start":{},"end":{}}],"line":7}},"s":{"0":0,"1":0,"2":0},"f":{"0":0},"b":{"0":[0,0]},"_coverageSchema":"1a1c01bbd47fc00a2c39e90264f33305004495a9","hash":"f1b3c2d43c6c695186b317da7fbec48d585fbff6"}
,"C:\\Users\\Work\\Desktop\\BACK-END\\GDSC_DUT\\Web\\gdsc-dut.dev\\BE\\src\\packages\\swagger\\constants.js": {"path":"C:\\Users\\Work\\Desktop\\BACK-END\\GDSC_DUT\\Web\\gdsc-dut.dev\\BE\\src\\packages\\swagger\\constants.js","statementMap":{"0":{"start":{"line":1,"column":34},"end":{"line":5,"column":1}},"1":{"start":{"line":7,"column":31},"end":{"line":7,"column":76}},"2":{"start":{"line":9,"column":32},"end":{"line":9,"column":49}}},"fnMap":{},"branchMap":{},"s":{"0":1,"1":1,"2":1},"f":{},"b":{},"_coverageSchema":"1a1c01bbd47fc00a2c39e90264f33305004495a9","hash":"3a776bc53bf00ed35cf88768ca464f670b658354"}
,"C:\\Users\\Work\\Desktop\\BACK-END\\GDSC_DUT\\Web\\gdsc-dut.dev\\BE\\src\\packages\\swagger\\index.js": {"path":"C:\\Users\\Work\\Desktop\\BACK-END\\GDSC_DUT\\Web\\gdsc-dut.dev\\BE\\src\\packages\\swagger\\index.js","statementMap":{},"fnMap":{},"branchMap":{},"s":{},"f":{},"b":{},"_coverageSchema":"1a1c01bbd47fc00a2c39e90264f33305004495a9","hash":"6e1d25d21895e51502925d24ec42a8253087cdf4"}
,"C:\\Users\\Work\\Desktop\\BACK-END\\GDSC_DUT\\Web\\gdsc-dut.dev\\BE\\src\\packages\\swagger\\core\\core.js": {"path":"C:\\Users\\Work\\Desktop\\BACK-END\\GDSC_DUT\\Web\\gdsc-dut.dev\\BE\\src\\packages\\swagger\\core\\core.js","statementMap":{"0":{"start":{"line":4,"column":15},"end":{"line":4,"column":17}},"1":{"start":{"line":7,"column":8},"end":{"line":7,"column":36}},"2":{"start":{"line":10,"column":25},"end":{"line":24,"column":6}},"3":{"start":{"line":10,"column":35},"end":{"line":24,"column":5}},"4":{"start":{"line":26,"column":16},"end":{"line":38,"column":5}},"5":{"start":{"line":27,"column":26},"end":{"line":27,"column":28}},"6":{"start":{"line":29,"column":8},"end":{"line":36,"column":11}},"7":{"start":{"line":30,"column":12},"end":{"line":32,"column":13}},"8":{"start":{"line":31,"column":16},"end":{"line":31,"column":88}},"9":{"start":{"line":33,"column":12},"end":{"line":35,"column":14}},"10":{"start":{"line":37,"column":8},"end":{"line":37,"column":25}},"11":{"start":{"line":47,"column":12},"end":{"line":47,"column":19}},"12":{"start":{"line":49,"column":8},"end":{"line":49,"column":40}},"13":{"start":{"line":50,"column":8},"end":{"line":50,"column":34}},"14":{"start":{"line":51,"column":8},"end":{"line":51,"column":40}},"15":{"start":{"line":52,"column":8},"end":{"line":52,"column":42}},"16":{"start":{"line":53,"column":8},"end":{"line":55,"column":10}},"17":{"start":{"line":56,"column":8},"end":{"line":56,"column":32}},"18":{"start":{"line":57,"column":8},"end":{"line":57,"column":33}},"19":{"start":{"line":58,"column":8},"end":{"line":62,"column":9}},"20":{"start":{"line":59,"column":12},"end":{"line":61,"column":14}},"21":{"start":{"line":63,"column":8},"end":{"line":63,"column":20}},"22":{"start":{"line":67,"column":8},"end":{"line":67,"column":89}},"23":{"start":{"line":67,"column":44},"end":{"line":67,"column":56}},"24":{"start":{"line":67,"column":59},"end":{"line":67,"column":89}},"25":{"start":{"line":96,"column":12},"end":{"line":96,"column":19}},"26":{"start":{"line":97,"column":26},"end":{"line":97,"column":28}},"27":{"start":{"line":99,"column":8},"end":{"line":101,"column":9}},"28":{"start":{"line":100,"column":12},"end":{"line":100,"column":44}},"29":{"start":{"line":103,"column":8},"end":{"line":131,"column":10}},"30":{"start":{"line":135,"column":8},"end":{"line":148,"column":9}},"31":{"start":{"line":136,"column":12},"end":{"line":142,"column":14}},"32":{"start":{"line":144,"column":12},"end":{"line":147,"column":14}}},"fnMap":{"0":{"name":"(anonymous_0)","decl":{"start":{"line":6,"column":4},"end":{"line":6,"column":5}},"loc":{"start":{"line":6,"column":21},"end":{"line":8,"column":5}},"line":6},"1":{"name":"(anonymous_1)","decl":{"start":{"line":10,"column":25},"end":{"line":10,"column":26}},"loc":{"start":{"line":10,"column":35},"end":{"line":24,"column":5}},"line":10},"2":{"name":"(anonymous_2)","decl":{"start":{"line":26,"column":16},"end":{"line":26,"column":17}},"loc":{"start":{"line":26,"column":26},"end":{"line":38,"column":5}},"line":26},"3":{"name":"(anonymous_3)","decl":{"start":{"line":29,"column":23},"end":{"line":29,"column":24}},"loc":{"start":{"line":29,"column":32},"end":{"line":36,"column":9}},"line":29},"4":{"name":"(anonymous_4)","decl":{"start":{"line":40,"column":4},"end":{"line":40,"column":5}},"loc":{"start":{"line":40,"column":23},"end":{"line":64,"column":5}},"line":40},"5":{"name":"(anonymous_5)","decl":{"start":{"line":66,"column":4},"end":{"line":66,"column":5}},"loc":{"start":{"line":66,"column":17},"end":{"line":68,"column":5}},"line":66},"6":{"name":"(anonymous_6)","decl":{"start":{"line":67,"column":37},"end":{"line":67,"column":38}},"loc":{"start":{"line":67,"column":44},"end":{"line":67,"column":56}},"line":67},"7":{"name":"(anonymous_7)","decl":{"start":{"line":84,"column":4},"end":{"line":84,"column":5}},"loc":{"start":{"line":84,"column":17},"end":{"line":132,"column":5}},"line":84},"8":{"name":"(anonymous_8)","decl":{"start":{"line":134,"column":4},"end":{"line":134,"column":5}},"loc":{"start":{"line":134,"column":40},"end":{"line":149,"column":5}},"line":134}},"branchMap":{"0":{"loc":{"start":{"line":13,"column":21},"end":{"line":22,"column":18}},"type":"cond-expr","locations":[{"start":{"line":13,"column":29},"end":{"line":22,"column":13}},{"start":{"line":22,"column":16},"end":{"line":22,"column":18}}],"line":13},"1":{"loc":{"start":{"line":30,"column":12},"end":{"line":32,"column":13}},"type":"if","locations":[{"start":{"line":30,"column":12},"end":{"line":32,"column":13}},{"start":{},"end":{}}],"line":30},"2":{"loc":{"start":{"line":30,"column":16},"end":{"line":30,"column":51}},"type":"binary-expr","locations":[{"start":{"line":30,"column":16},"end":{"line":30,"column":29}},{"start":{"line":30,"column":33},"end":{"line":30,"column":51}}],"line":30},"3":{"loc":{"start":{"line":58,"column":8},"end":{"line":62,"column":9}},"type":"if","locations":[{"start":{"line":58,"column":8},"end":{"line":62,"column":9}},{"start":{},"end":{}}],"line":58},"4":{"loc":{"start":{"line":67,"column":8},"end":{"line":67,"column":89}},"type":"if","locations":[{"start":{"line":67,"column":8},"end":{"line":67,"column":89}},{"start":{},"end":{}}],"line":67},"5":{"loc":{"start":{"line":93,"column":12},"end":{"line":93,"column":23}},"type":"default-arg","locations":[{"start":{"line":93,"column":21},"end":{"line":93,"column":23}}],"line":93},"6":{"loc":{"start":{"line":94,"column":12},"end":{"line":94,"column":25}},"type":"default-arg","locations":[{"start":{"line":94,"column":23},"end":{"line":94,"column":25}}],"line":94},"7":{"loc":{"start":{"line":95,"column":12},"end":{"line":95,"column":23}},"type":"default-arg","locations":[{"start":{"line":95,"column":21},"end":{"line":95,"column":23}}],"line":95},"8":{"loc":{"start":{"line":99,"column":8},"end":{"line":101,"column":9}},"type":"if","locations":[{"start":{"line":99,"column":8},"end":{"line":101,"column":9}},{"start":{},"end":{}}],"line":99},"9":{"loc":{"start":{"line":104,"column":18},"end":{"line":104,"column":45}},"type":"cond-expr","locations":[{"start":{"line":104,"column":32},"end":{"line":104,"column":36}},{"start":{"line":104,"column":39},"end":{"line":104,"column":45}}],"line":104},"10":{"loc":{"start":{"line":106,"column":22},"end":{"line":110,"column":18}},"type":"cond-expr","locations":[{"start":{"line":106,"column":33},"end":{"line":110,"column":13}},{"start":{"line":110,"column":16},"end":{"line":110,"column":18}}],"line":106},"11":{"loc":{"start":{"line":116,"column":25},"end":{"line":125,"column":18}},"type":"cond-expr","locations":[{"start":{"line":116,"column":32},"end":{"line":125,"column":13}},{"start":{"line":125,"column":16},"end":{"line":125,"column":18}}],"line":116},"12":{"loc":{"start":{"line":135,"column":8},"end":{"line":148,"column":9}},"type":"if","locations":[{"start":{"line":135,"column":8},"end":{"line":148,"column":9}},{"start":{"line":143,"column":15},"end":{"line":148,"column":9}}],"line":135}},"s":{"0":1,"1":1,"2":1,"3":0,"4":1,"5":0,"6":0,"7":0,"8":0,"9":0,"10":0,"11":1,"12":1,"13":1,"14":1,"15":1,"16":1,"17":1,"18":1,"19":1,"20":1,"21":1,"22":0,"23":0,"24":0,"25":0,"26":0,"27":0,"28":0,"29":0,"30":1,"31":0,"32":1},"f":{"0":1,"1":0,"2":0,"3":0,"4":1,"5":0,"6":0,"7":0,"8":1},"b":{"0":[0,0],"1":[0,0],"2":[0,0],"3":[1,0],"4":[0,0],"5":[0],"6":[0],"7":[0],"8":[0,0],"9":[0,0],"10":[0,0],"11":[0,0],"12":[0,1]},"_coverageSchema":"1a1c01bbd47fc00a2c39e90264f33305004495a9","hash":"1afb82a4673d408b585924cee08ad81227a4c50a"}
,"C:\\Users\\Work\\Desktop\\BACK-END\\GDSC_DUT\\Web\\gdsc-dut.dev\\BE\\src\\packages\\swagger\\core\\document.js": {"path":"C:\\Users\\Work\\Desktop\\BACK-END\\GDSC_DUT\\Web\\gdsc-dut.dev\\BE\\src\\packages\\swagger\\core\\document.js","statementMap":{"0":{"start":{"line":7,"column":31},"end":{"line":7,"column":39}},"1":{"start":{"line":9,"column":29},"end":{"line":9,"column":66}},"2":{"start":{"line":11,"column":18},"end":{"line":59,"column":5}},"3":{"start":{"line":34,"column":12},"end":{"line":42,"column":13}},"4":{"start":{"line":35,"column":16},"end":{"line":41,"column":18}},"5":{"start":{"line":43,"column":12},"end":{"line":48,"column":14}},"6":{"start":{"line":50,"column":43},"end":{"line":54,"column":9}},"7":{"start":{"line":55,"column":43},"end":{"line":58,"column":9}},"8":{"start":{"line":73,"column":12},"end":{"line":73,"column":19}},"9":{"start":{"line":75,"column":8},"end":{"line":81,"column":9}},"10":{"start":{"line":78,"column":12},"end":{"line":78,"column":73}},"11":{"start":{"line":80,"column":12},"end":{"line":80,"column":53}},"12":{"start":{"line":83,"column":8},"end":{"line":88,"column":10}},"13":{"start":{"line":105,"column":12},"end":{"line":105,"column":19}},"14":{"start":{"line":109,"column":8},"end":{"line":115,"column":9}},"15":{"start":{"line":112,"column":12},"end":{"line":112,"column":73}},"16":{"start":{"line":114,"column":12},"end":{"line":114,"column":53}},"17":{"start":{"line":117,"column":8},"end":{"line":124,"column":10}},"18":{"start":{"line":128,"column":23},"end":{"line":128,"column":25}},"19":{"start":{"line":129,"column":8},"end":{"line":142,"column":11}},"20":{"start":{"line":130,"column":12},"end":{"line":141,"column":13}},"21":{"start":{"line":131,"column":32},"end":{"line":131,"column":48}},"22":{"start":{"line":132,"column":16},"end":{"line":140,"column":19}},"23":{"start":{"line":143,"column":8},"end":{"line":143,"column":22}}},"fnMap":{"0":{"name":"(anonymous_0)","decl":{"start":{"line":33,"column":15},"end":{"line":33,"column":16}},"loc":{"start":{"line":33,"column":38},"end":{"line":49,"column":9}},"line":33},"1":{"name":"(anonymous_1)","decl":{"start":{"line":50,"column":14},"end":{"line":50,"column":15}},"loc":{"start":{"line":50,"column":43},"end":{"line":54,"column":9}},"line":50},"2":{"name":"(anonymous_2)","decl":{"start":{"line":55,"column":15},"end":{"line":55,"column":16}},"loc":{"start":{"line":55,"column":43},"end":{"line":58,"column":9}},"line":55},"3":{"name":"(anonymous_3)","decl":{"start":{"line":66,"column":4},"end":{"line":66,"column":5}},"loc":{"start":{"line":66,"column":32},"end":{"line":89,"column":5}},"line":66},"4":{"name":"(anonymous_4)","decl":{"start":{"line":96,"column":4},"end":{"line":96,"column":5}},"loc":{"start":{"line":96,"column":30},"end":{"line":125,"column":5}},"line":96},"5":{"name":"(anonymous_5)","decl":{"start":{"line":127,"column":4},"end":{"line":127,"column":5}},"loc":{"start":{"line":127,"column":31},"end":{"line":144,"column":5}},"line":127},"6":{"name":"(anonymous_6)","decl":{"start":{"line":129,"column":33},"end":{"line":129,"column":34}},"loc":{"start":{"line":129,"column":39},"end":{"line":142,"column":9}},"line":129}},"branchMap":{"0":{"loc":{"start":{"line":33,"column":22},"end":{"line":33,"column":33}},"type":"default-arg","locations":[{"start":{"line":33,"column":31},"end":{"line":33,"column":33}}],"line":33},"1":{"loc":{"start":{"line":34,"column":12},"end":{"line":42,"column":13}},"type":"if","locations":[{"start":{"line":34,"column":12},"end":{"line":42,"column":13}},{"start":{},"end":{}}],"line":34},"2":{"loc":{"start":{"line":50,"column":26},"end":{"line":50,"column":37}},"type":"default-arg","locations":[{"start":{"line":50,"column":35},"end":{"line":50,"column":37}}],"line":50},"3":{"loc":{"start":{"line":55,"column":26},"end":{"line":55,"column":37}},"type":"default-arg","locations":[{"start":{"line":55,"column":35},"end":{"line":55,"column":37}}],"line":55},"4":{"loc":{"start":{"line":69,"column":12},"end":{"line":69,"column":53}},"type":"default-arg","locations":[{"start":{"line":69,"column":20},"end":{"line":69,"column":53}}],"line":69},"5":{"loc":{"start":{"line":70,"column":12},"end":{"line":70,"column":27}},"type":"default-arg","locations":[{"start":{"line":70,"column":23},"end":{"line":70,"column":27}}],"line":70},"6":{"loc":{"start":{"line":71,"column":12},"end":{"line":71,"column":28}},"type":"default-arg","locations":[{"start":{"line":71,"column":23},"end":{"line":71,"column":28}}],"line":71},"7":{"loc":{"start":{"line":75,"column":8},"end":{"line":81,"column":9}},"type":"if","locations":[{"start":{"line":75,"column":8},"end":{"line":81,"column":9}},{"start":{"line":79,"column":15},"end":{"line":81,"column":9}}],"line":75},"8":{"loc":{"start":{"line":75,"column":12},"end":{"line":77,"column":31}},"type":"binary-expr","locations":[{"start":{"line":75,"column":12},"end":{"line":75,"column":27}},{"start":{"line":76,"column":15},"end":{"line":76,"column":31}},{"start":{"line":77,"column":15},"end":{"line":77,"column":31}}],"line":75},"9":{"loc":{"start":{"line":101,"column":12},"end":{"line":101,"column":30}},"type":"default-arg","locations":[{"start":{"line":101,"column":23},"end":{"line":101,"column":30}}],"line":101},"10":{"loc":{"start":{"line":102,"column":12},"end":{"line":102,"column":27}},"type":"default-arg","locations":[{"start":{"line":102,"column":23},"end":{"line":102,"column":27}}],"line":102},"11":{"loc":{"start":{"line":109,"column":8},"end":{"line":115,"column":9}},"type":"if","locations":[{"start":{"line":109,"column":8},"end":{"line":115,"column":9}},{"start":{"line":113,"column":15},"end":{"line":115,"column":9}}],"line":109},"12":{"loc":{"start":{"line":109,"column":12},"end":{"line":111,"column":31}},"type":"binary-expr","locations":[{"start":{"line":109,"column":12},"end":{"line":109,"column":27}},{"start":{"line":110,"column":15},"end":{"line":110,"column":31}},{"start":{"line":111,"column":15},"end":{"line":111,"column":31}}],"line":109},"13":{"loc":{"start":{"line":130,"column":12},"end":{"line":141,"column":13}},"type":"if","locations":[{"start":{"line":130,"column":12},"end":{"line":141,"column":13}},{"start":{},"end":{}}],"line":130}},"s":{"0":1,"1":1,"2":1,"3":0,"4":0,"5":0,"6":0,"7":0,"8":2,"9":2,"10":0,"11":2,"12":2,"13":0,"14":0,"15":0,"16":0,"17":0,"18":0,"19":0,"20":0,"21":0,"22":0,"23":0},"f":{"0":0,"1":0,"2":0,"3":2,"4":0,"5":0,"6":0},"b":{"0":[0],"1":[0,0],"2":[0],"3":[0],"4":[2],"5":[2],"6":[2],"7":[0,2],"8":[2,2,2],"9":[0],"10":[0],"11":[0,0],"12":[0,0,0],"13":[0,0]},"_coverageSchema":"1a1c01bbd47fc00a2c39e90264f33305004495a9","hash":"eb9de348cdb42552fac21ad9eb666425bc5cea61"}
,"C:\\Users\\Work\\Desktop\\BACK-END\\GDSC_DUT\\Web\\gdsc-dut.dev\\BE\\src\\packages\\taskExecution\\index.js": {"path":"C:\\Users\\Work\\Desktop\\BACK-END\\GDSC_DUT\\Web\\gdsc-dut.dev\\BE\\src\\packages\\taskExecution\\index.js","statementMap":{},"fnMap":{},"branchMap":{},"s":{},"f":{},"b":{},"_coverageSchema":"1a1c01bbd47fc00a2c39e90264f33305004495a9","hash":"399a67337f6126f8cd26bc144618b2a59636d1be"}
,"C:\\Users\\Work\\Desktop\\BACK-END\\GDSC_DUT\\Web\\gdsc-dut.dev\\BE\\src\\packages\\taskExecution\\parallel.js": {"path":"C:\\Users\\Work\\Desktop\\BACK-END\\GDSC_DUT\\Web\\gdsc-dut.dev\\BE\\src\\packages\\taskExecution\\parallel.js","statementMap":{"0":{"start":{"line":2,"column":4},"end":{"line":2,"column":52}},"1":{"start":{"line":2,"column":41},"end":{"line":2,"column":49}}},"fnMap":{"0":{"name":"parallel","decl":{"start":{"line":1,"column":16},"end":{"line":1,"column":24}},"loc":{"start":{"line":1,"column":36},"end":{"line":3,"column":1}},"line":1},"1":{"name":"(anonymous_1)","decl":{"start":{"line":2,"column":33},"end":{"line":2,"column":34}},"loc":{"start":{"line":2,"column":41},"end":{"line":2,"column":49}},"line":2}},"branchMap":{},"s":{"0":0,"1":0},"f":{"0":0,"1":0},"b":{},"_coverageSchema":"1a1c01bbd47fc00a2c39e90264f33305004495a9","hash":"1e7089b27c1b57e3c79a50f4e14c29387e88ac9e"}
,"C:\\Users\\Work\\Desktop\\BACK-END\\GDSC_DUT\\Web\\gdsc-dut.dev\\BE\\src\\packages\\taskExecution\\serial.js": {"path":"C:\\Users\\Work\\Desktop\\BACK-END\\GDSC_DUT\\Web\\gdsc-dut.dev\\BE\\src\\packages\\taskExecution\\serial.js","statementMap":{"0":{"start":{"line":2,"column":4},"end":{"line":7,"column":10}},"1":{"start":{"line":4,"column":31},"end":{"line":5,"column":53}},"2":{"start":{"line":5,"column":34},"end":{"line":5,"column":52}}},"fnMap":{"0":{"name":"serial","decl":{"start":{"line":1,"column":16},"end":{"line":1,"column":22}},"loc":{"start":{"line":1,"column":34},"end":{"line":8,"column":1}},"line":1},"1":{"name":"(anonymous_1)","decl":{"start":{"line":4,"column":12},"end":{"line":4,"column":13}},"loc":{"start":{"line":4,"column":31},"end":{"line":5,"column":53}},"line":4},"2":{"name":"(anonymous_2)","decl":{"start":{"line":5,"column":22},"end":{"line":5,"column":23}},"loc":{"start":{"line":5,"column":34},"end":{"line":5,"column":52}},"line":5}},"branchMap":{},"s":{"0":0,"1":0,"2":0},"f":{"0":0,"1":0,"2":0},"b":{},"_coverageSchema":"1a1c01bbd47fc00a2c39e90264f33305004495a9","hash":"2da440cef3ac64eb1655b69ce2148048decbc3a0"}
}
