TN:
SF:src\core\config\swagger.config.js
FNF:0
FNH:0
DA:4,1
DA:43,1
LF:2
LH:2
BRF:0
BRH:0
end_of_record
TN:
SF:src\core\env\index.js
FNF:0
FNH:0
DA:3,4
DA:5,4
DA:6,4
DA:7,4
DA:8,4
DA:9,4
DA:10,4
DA:11,4
DA:12,4
DA:13,4
DA:14,4
DA:15,4
DA:16,4
LF:13
LH:13
BRDA:5,0,0,4
BRDA:5,0,1,0
BRDA:6,1,0,4
BRDA:6,1,1,0
BRDA:7,2,0,4
BRDA:7,2,1,0
BRDA:8,3,0,4
BRDA:8,3,1,0
BRDA:9,4,0,4
BRDA:9,4,1,4
BRDA:11,5,0,0
BRDA:11,5,1,4
BRDA:14,6,0,4
BRDA:14,6,1,0
BRF:14
BRH:8
end_of_record
TN:
SF:src\core\infrastructure\interceptor\default-validator.interceptor.js
FN:12,(anonymous_0)
FN:22,(anonymous_1)
FN:26,(anonymous_2)
FNF:3
FNH:1
FNDA:1,(anonymous_0)
FNDA:0,(anonymous_1)
FNDA:0,(anonymous_2)
DA:13,1
DA:14,1
DA:23,0
DA:27,0
DA:32,0
DA:35,0
LF:6
LH:2
BRDA:27,0,0,0
BRDA:27,0,1,0
BRDA:27,0,2,0
BRDA:27,0,3,0
BRDA:27,0,4,0
BRDA:27,0,5,0
BRF:6
BRH:0
end_of_record
TN:
SF:src\core\infrastructure\interceptor\index.js
FNF:0
FNH:0
LF:0
LH:0
BRF:0
BRH:0
end_of_record
TN:
SF:src\core\infrastructure\interceptor\input-validator.interceptor.js
FN:10,(anonymous_0)
FN:15,(anonymous_1)
FN:20,(anonymous_2)
FN:22,(anonymous_3)
FNF:4
FNH:0
FNDA:0,(anonymous_0)
FNDA:0,(anonymous_1)
FNDA:0,(anonymous_2)
FNDA:0,(anonymous_3)
DA:10,0
DA:15,0
DA:20,0
DA:22,1
DA:23,0
DA:24,0
DA:25,0
DA:27,0
LF:8
LH:1
BRF:0
BRH:0
end_of_record
TN:
SF:src\core\modules\auth\index.js
FNF:0
FNH:0
LF:0
LH:0
BRF:0
BRH:0
end_of_record
TN:
SF:src\core\modules\auth\dto\index.js
FNF:0
FNH:0
LF:0
LH:0
BRF:0
BRH:0
end_of_record
TN:
SF:src\core\modules\auth\dto\jwt-sign.dto.js
FN:1,(anonymous_0)
FNF:1
FNH:0
FNDA:0,(anonymous_0)
DA:1,1
DA:2,0
LF:2
LH:1
BRF:0
BRH:0
end_of_record
TN:
SF:src\core\modules\auth\dto\login.dto.js
FN:10,(anonymous_0)
FNF:1
FNH:0
FNDA:0,(anonymous_0)
DA:4,1
DA:10,1
LF:2
LH:2
BRF:0
BRH:0
end_of_record
TN:
SF:src\core\modules\auth\interceptor\index.js
FNF:0
FNH:0
LF:0
LH:0
BRF:0
BRH:0
end_of_record
TN:
SF:src\core\modules\auth\interceptor\login.interceptor.js
FNF:0
FNH:0
DA:5,1
LF:1
LH:1
BRF:0
BRH:0
end_of_record
TN:
SF:src\core\modules\auth\service\auth.service.js
FN:12,(anonymous_0)
FN:20,(anonymous_1)
FN:34,(anonymous_2)
FN:55,(anonymous_3)
FNF:4
FNH:1
FNDA:1,(anonymous_0)
FNDA:0,(anonymous_1)
FNDA:0,(anonymous_2)
FNDA:0,(anonymous_3)
DA:13,1
DA:14,1
DA:15,1
DA:16,1
DA:17,1
DA:21,0
DA:23,0
DA:24,0
DA:25,0
DA:31,0
DA:36,0
DA:37,0
DA:39,0
DA:42,0
DA:43,0
DA:44,0
DA:45,0
DA:47,0
DA:48,0
DA:55,1
DA:58,1
LF:21
LH:7
BRDA:24,0,0,0
BRDA:24,0,1,0
BRDA:24,1,0,0
BRDA:24,1,1,0
BRDA:44,2,0,0
BRDA:44,2,1,0
BRF:6
BRH:0
end_of_record
TN:
SF:src\core\modules\auth\service\bcrypt.service.js
FN:11,(anonymous_0)
FN:20,(anonymous_1)
FN:27,(anonymous_2)
FN:32,(anonymous_3)
FNF:4
FNH:1
FNDA:1,(anonymous_0)
FNDA:0,(anonymous_1)
FNDA:0,(anonymous_2)
FNDA:0,(anonymous_3)
DA:7,1
DA:12,1
DA:13,1
DA:21,0
DA:28,0
DA:29,0
DA:33,0
DA:34,0
DA:39,1
LF:9
LH:4
BRDA:32,0,0,0
BRDA:33,1,0,0
BRDA:33,1,1,0
BRF:3
BRH:0
end_of_record
TN:
SF:src\core\modules\auth\service\index.js
FNF:0
FNH:0
LF:0
LH:0
BRF:0
BRH:0
end_of_record
TN:
SF:src\core\modules\auth\service\jwt.service.js
FN:10,(anonymous_0)
FN:14,(anonymous_1)
FN:20,(anonymous_2)
FN:24,(anonymous_3)
FNF:4
FNH:1
FNDA:4,(anonymous_0)
FNDA:0,(anonymous_1)
FNDA:0,(anonymous_2)
FNDA:0,(anonymous_3)
DA:6,4
DA:8,4
DA:11,4
DA:15,0
DA:21,0
DA:25,0
DA:29,4
LF:7
LH:4
BRF:0
BRH:0
end_of_record
TN:
SF:src\core\modules\auth\service\oauth.service.js
FN:11,(anonymous_0)
FNF:1
FNH:0
FNDA:0,(anonymous_0)
DA:3,1
DA:6,1
DA:11,1
DA:12,0
DA:13,0
DA:16,0
DA:18,0
DA:19,0
DA:24,1
LF:9
LH:4
BRF:0
BRH:0
end_of_record
TN:
SF:src\core\modules\role\userRole.repository.js
FN:4,(anonymous_0)
FNF:1
FNH:0
FNDA:0,(anonymous_0)
DA:5,0
DA:9,0
DA:10,0
DA:14,1
LF:4
LH:1
BRDA:4,0,0,0
BRDA:4,1,0,0
BRDA:9,2,0,0
BRDA:9,2,1,0
BRF:4
BRH:0
end_of_record
TN:
SF:src\core\modules\user\user.repository.js
FN:4,(anonymous_0)
FN:10,(anonymous_1)
FN:27,(anonymous_2)
FNF:3
FNH:0
FNDA:0,(anonymous_0)
FNDA:0,(anonymous_1)
FNDA:0,(anonymous_2)
DA:5,0
DA:11,0
DA:28,0
DA:32,1
LF:4
LH:1
BRF:0
BRH:0
end_of_record
TN:
SF:src\core\modules\user\services\user.service.js
FN:14,(anonymous_0)
FN:20,(anonymous_1)
FN:51,(anonymous_2)
FNF:3
FNH:2
FNDA:1,(anonymous_0)
FNDA:4,(anonymous_1)
FNDA:0,(anonymous_2)
DA:15,1
DA:16,1
DA:17,1
DA:21,4
DA:22,4
DA:26,3
DA:27,1
DA:29,2
DA:32,2
DA:33,2
DA:34,2
DA:35,1
DA:36,1
DA:42,1
DA:43,1
DA:44,1
DA:46,1
DA:48,1
DA:52,0
DA:55,0
DA:59,1
LF:21
LH:19
BRDA:26,0,0,1
BRDA:26,0,1,2
BRF:2
BRH:2
end_of_record
TN:
SF:src\core\modules\user\services\userData.service.js
FN:4,(anonymous_0)
FNF:1
FNH:0
FNDA:0,(anonymous_0)
DA:5,0
DA:9,1
LF:2
LH:1
BRF:0
BRH:0
end_of_record
TN:
SF:src\core\utils\errorFilter.js
FN:5,(anonymous_0)
FN:9,(anonymous_1)
FNF:2
FNH:0
FNDA:0,(anonymous_0)
FNDA:0,(anonymous_1)
DA:5,4
DA:9,0
LF:2
LH:1
BRF:0
BRH:0
end_of_record
TN:
SF:src\core\utils\index.js
FNF:0
FNH:0
LF:0
LH:0
BRF:0
BRH:0
end_of_record
TN:
SF:src\core\utils\joi.util.js
FN:11,(anonymous_0)
FN:15,(anonymous_1)
FN:19,(anonymous_2)
FN:23,(anonymous_3)
FN:27,(anonymous_4)
FN:32,(anonymous_5)
FN:40,(anonymous_6)
FN:44,(anonymous_7)
FN:48,(anonymous_8)
FN:52,(anonymous_9)
FN:56,(anonymous_10)
FN:60,(anonymous_11)
FNF:12
FNH:2
FNDA:0,(anonymous_0)
FNDA:0,(anonymous_1)
FNDA:1,(anonymous_2)
FNDA:0,(anonymous_3)
FNDA:1,(anonymous_4)
FNDA:0,(anonymous_5)
FNDA:0,(anonymous_6)
FNDA:0,(anonymous_7)
FNDA:0,(anonymous_8)
FNDA:0,(anonymous_9)
FNDA:0,(anonymous_10)
FNDA:0,(anonymous_11)
DA:3,4
DA:5,4
DA:8,4
DA:12,0
DA:16,0
DA:20,1
DA:24,0
DA:27,4
DA:33,0
DA:41,0
DA:45,0
DA:49,0
DA:53,0
DA:57,0
DA:61,0
LF:15
LH:5
BRDA:32,0,0,0
BRDA:33,1,0,0
BRDA:33,1,1,0
BRF:3
BRH:0
end_of_record
TN:
SF:src\core\utils\optional.js
FN:4,(anonymous_0)
FN:8,(anonymous_1)
FN:12,(anonymous_2)
FN:19,(anonymous_3)
FN:27,(anonymous_4)
FN:34,(anonymous_5)
FN:41,(anonymous_6)
FN:48,(anonymous_7)
FNF:8
FNH:3
FNDA:4,(anonymous_0)
FNDA:4,(anonymous_1)
FNDA:4,(anonymous_2)
FNDA:0,(anonymous_3)
FNDA:0,(anonymous_4)
FNDA:0,(anonymous_5)
FNDA:0,(anonymous_6)
FNDA:0,(anonymous_7)
DA:5,4
DA:9,4
DA:13,4
DA:14,1
DA:16,3
DA:20,0
DA:22,0
DA:24,0
DA:28,0
DA:29,0
DA:31,0
DA:35,0
DA:36,0
DA:38,0
DA:42,0
DA:43,0
DA:45,0
DA:49,0
DA:50,0
LF:19
LH:5
BRDA:13,0,0,1
BRDA:13,0,1,3
BRDA:13,1,0,4
BRDA:13,1,1,0
BRDA:13,1,2,4
BRDA:13,1,3,4
BRDA:20,2,0,0
BRDA:20,2,1,0
BRDA:20,3,0,0
BRDA:20,3,1,0
BRDA:20,3,2,0
BRDA:20,3,3,0
BRDA:28,4,0,0
BRDA:28,4,1,0
BRDA:35,5,0,0
BRDA:35,5,1,0
BRDA:35,6,0,0
BRDA:35,6,1,0
BRDA:35,6,2,0
BRDA:42,7,0,0
BRDA:42,7,1,0
BRDA:49,8,0,0
BRDA:49,8,1,0
BRF:23
BRH:5
end_of_record
TN:
SF:src\core\utils\userFilter.js
FN:1,(anonymous_0)
FN:11,(anonymous_1)
FN:13,(anonymous_2)
FN:14,(anonymous_3)
FNF:4
FNH:0
FNDA:0,(anonymous_0)
FNDA:0,(anonymous_1)
FNDA:0,(anonymous_2)
FNDA:0,(anonymous_3)
DA:1,2
DA:2,0
DA:3,0
DA:5,0
DA:6,0
DA:8,0
DA:11,2
DA:12,0
DA:13,0
DA:14,0
DA:15,0
DA:16,0
DA:17,0
DA:18,0
DA:20,0
DA:23,0
LF:16
LH:2
BRDA:15,0,0,0
BRDA:15,0,1,0
BRF:2
BRH:0
end_of_record
TN:
SF:src\packages\handler\response\http.response.js
FN:6,(anonymous_0)
FN:11,(anonymous_1)
FNF:2
FNH:0
FNDA:0,(anonymous_0)
FNDA:0,(anonymous_1)
DA:7,0
DA:8,0
DA:12,0
LF:3
LH:0
BRF:0
BRH:0
end_of_record
TN:
SF:src\packages\handler\response\invalidHttp.response.js
FN:10,(anonymous_0)
FN:19,(anonymous_1)
FN:23,(anonymous_2)
FN:27,(anonymous_3)
FNF:4
FNH:0
FNDA:0,(anonymous_0)
FNDA:0,(anonymous_1)
FNDA:0,(anonymous_2)
FNDA:0,(anonymous_3)
DA:11,0
DA:20,0
DA:24,0
DA:28,0
LF:4
LH:0
BRF:0
BRH:0
end_of_record
TN:
SF:src\packages\httpException\BadRequestException.js
FN:6,(anonymous_0)
FNF:1
FNH:1
FNDA:1,(anonymous_0)
DA:7,1
LF:1
LH:1
BRDA:6,0,0,0
BRF:1
BRH:0
end_of_record
TN:
SF:src\packages\httpException\DuplicateException.js
FN:6,(anonymous_0)
FNF:1
FNH:1
FNDA:4,(anonymous_0)
DA:7,4
LF:1
LH:1
BRDA:6,0,0,0
BRF:1
BRH:0
end_of_record
TN:
SF:src\packages\httpException\HttpException.js
FN:6,(anonymous_0)
FNF:1
FNH:1
FNDA:5,(anonymous_0)
DA:7,5
DA:8,5
DA:9,5
LF:3
LH:3
BRF:0
BRH:0
end_of_record
TN:
SF:src\packages\httpException\InternalExeption.js
FN:6,(anonymous_0)
FNF:1
FNH:0
FNDA:0,(anonymous_0)
DA:7,0
LF:1
LH:0
BRDA:6,0,0,0
BRF:1
BRH:0
end_of_record
TN:
SF:src\packages\httpException\NotFoundException.js
FN:6,(anonymous_0)
FNF:1
FNH:0
FNDA:0,(anonymous_0)
DA:7,0
LF:1
LH:0
BRDA:6,0,0,0
BRF:1
BRH:0
end_of_record
TN:
SF:src\packages\httpException\UnAuthorizeException.js
FN:6,(anonymous_0)
FNF:1
FNH:0
FNDA:0,(anonymous_0)
DA:7,0
LF:1
LH:0
BRDA:6,0,0,0
BRF:1
BRH:0
end_of_record
TN:
SF:src\packages\httpException\UniqueConstraintException.js
FN:6,(anonymous_0)
FNF:1
FNH:0
FNDA:0,(anonymous_0)
DA:7,0
LF:1
LH:0
BRDA:6,0,0,0
BRF:1
BRH:0
end_of_record
TN:
SF:src\packages\httpException\UnprocessableEntityExeception.js
FN:6,(anonymous_0)
FNF:1
FNH:0
FNDA:0,(anonymous_0)
DA:7,0
LF:1
LH:0
BRDA:6,0,0,0
BRF:1
BRH:0
end_of_record
TN:
SF:src\packages\httpException\error.enum.js
FNF:0
FNH:0
DA:1,4
LF:1
LH:1
BRF:0
BRH:0
end_of_record
TN:
SF:src\packages\httpException\index.js
FNF:0
FNH:0
LF:0
LH:0
BRF:0
BRH:0
end_of_record
TN:
SF:src\packages\logger\index.js
FN:24,(anonymous_0)
FNF:1
FNH:1
FNDA:7,(anonymous_0)
DA:8,4
DA:10,4
DA:25,7
DA:26,7
LF:4
LH:4
BRDA:25,0,0,0
BRDA:25,0,1,7
BRF:2
BRH:1
end_of_record
TN:
SF:src\packages\restBuilder\core\dataHandler\data.repository.js
FN:13,(anonymous_0)
FN:19,(anonymous_1)
FN:32,(anonymous_2)
FN:45,(anonymous_3)
FN:52,(anonymous_4)
FN:55,(anonymous_5)
FN:59,(anonymous_6)
FN:63,(anonymous_7)
FN:72,(anonymous_8)
FN:82,(anonymous_9)
FN:88,(anonymous_10)
FN:94,(anonymous_11)
FN:100,(anonymous_12)
FN:106,(anonymous_13)
FN:112,(anonymous_14)
FNF:15
FNH:1
FNDA:2,(anonymous_0)
FNDA:0,(anonymous_1)
FNDA:0,(anonymous_2)
FNDA:0,(anonymous_3)
FNDA:0,(anonymous_4)
FNDA:0,(anonymous_5)
FNDA:0,(anonymous_6)
FNDA:0,(anonymous_7)
FNDA:0,(anonymous_8)
FNDA:0,(anonymous_9)
FNDA:0,(anonymous_10)
FNDA:0,(anonymous_11)
FNDA:0,(anonymous_12)
FNDA:0,(anonymous_13)
FNDA:0,(anonymous_14)
DA:14,2
DA:15,2
DA:16,2
DA:20,0
DA:34,0
DA:46,0
DA:47,0
DA:52,0
DA:56,0
DA:60,0
DA:64,0
DA:73,0
DA:83,0
DA:84,0
DA:85,0
DA:89,0
DA:90,0
DA:91,0
DA:95,0
DA:96,0
DA:97,0
DA:101,0
DA:102,0
DA:103,0
DA:107,0
DA:108,0
DA:109,0
DA:113,0
LF:28
LH:3
BRDA:33,0,0,0
BRDA:82,1,0,0
BRDA:82,2,0,0
BRDA:82,3,0,0
BRDA:84,4,0,0
BRDA:84,4,1,0
BRDA:88,5,0,0
BRDA:88,6,0,0
BRDA:90,7,0,0
BRDA:90,7,1,0
BRDA:94,8,0,0
BRDA:96,9,0,0
BRDA:96,9,1,0
BRDA:100,10,0,0
BRDA:102,11,0,0
BRDA:102,11,1,0
BRDA:106,12,0,0
BRDA:106,13,0,0
BRDA:108,14,0,0
BRDA:108,14,1,0
BRF:20
BRH:0
end_of_record
TN:
SF:src\packages\restBuilder\core\dataHandler\index.js
FNF:0
FNH:0
LF:0
LH:0
BRF:0
BRH:0
end_of_record
TN:
SF:src\packages\restBuilder\core\queryBuilder\queryBuilder.js
FN:33,(anonymous_0)
FN:37,(anonymous_1)
FN:58,(anonymous_2)
FN:58,(anonymous_3)
FN:63,(anonymous_4)
FN:76,(anonymous_5)
FN:81,(anonymous_6)
FN:88,(anonymous_7)
FN:98,(anonymous_8)
FN:106,(anonymous_9)
FN:115,(anonymous_10)
FN:124,(anonymous_11)
FN:139,(anonymous_12)
FN:153,(anonymous_13)
FN:166,(anonymous_14)
FN:176,(anonymous_15)
FN:182,(anonymous_16)
FN:187,(anonymous_17)
FN:192,(anonymous_18)
FN:198,(anonymous_19)
FN:207,(anonymous_20)
FN:216,(anonymous_21)
FN:233,(anonymous_22)
FN:246,(anonymous_23)
FN:247,(anonymous_24)
FN:257,(anonymous_25)
FN:261,(anonymous_26)
FNF:27
FNH:0
FNDA:0,(anonymous_0)
FNDA:0,(anonymous_1)
FNDA:0,(anonymous_2)
FNDA:0,(anonymous_3)
FNDA:0,(anonymous_4)
FNDA:0,(anonymous_5)
FNDA:0,(anonymous_6)
FNDA:0,(anonymous_7)
FNDA:0,(anonymous_8)
FNDA:0,(anonymous_9)
FNDA:0,(anonymous_10)
FNDA:0,(anonymous_11)
FNDA:0,(anonymous_12)
FNDA:0,(anonymous_13)
FNDA:0,(anonymous_14)
FNDA:0,(anonymous_15)
FNDA:0,(anonymous_16)
FNDA:0,(anonymous_17)
FNDA:0,(anonymous_18)
FNDA:0,(anonymous_19)
FNDA:0,(anonymous_20)
FNDA:0,(anonymous_21)
FNDA:0,(anonymous_22)
FNDA:0,(anonymous_23)
FNDA:0,(anonymous_24)
FNDA:0,(anonymous_25)
FNDA:0,(anonymous_26)
DA:21,0
DA:23,0
DA:25,0
DA:29,0
DA:31,0
DA:34,0
DA:38,0
DA:39,0
DA:40,0
DA:41,0
DA:43,0
DA:44,0
DA:45,0
DA:46,0
DA:47,0
DA:48,0
DA:49,0
DA:50,0
DA:52,0
DA:58,0
DA:59,0
DA:60,0
DA:64,0
DA:77,0
DA:78,0
DA:82,0
DA:83,0
DA:85,0
DA:89,0
DA:90,0
DA:92,0
DA:99,0
DA:100,0
DA:107,0
DA:108,0
DA:116,0
DA:117,0
DA:118,0
DA:125,0
DA:126,0
DA:127,0
DA:129,0
DA:130,0
DA:133,0
DA:140,0
DA:141,0
DA:142,0
DA:144,0
DA:147,0
DA:154,0
DA:155,0
DA:156,0
DA:158,0
DA:160,0
DA:167,0
DA:168,0
DA:169,0
DA:171,0
DA:173,0
DA:177,0
DA:178,0
DA:179,0
DA:183,0
DA:184,0
DA:188,0
DA:189,0
DA:193,0
DA:194,0
DA:195,0
DA:199,0
DA:200,0
DA:201,0
DA:204,0
DA:208,0
DA:209,0
DA:210,0
DA:213,0
DA:217,0
DA:218,0
DA:219,0
DA:221,0
DA:224,0
DA:225,0
DA:226,0
DA:229,0
DA:232,0
DA:233,0
DA:234,0
DA:238,0
DA:239,0
DA:241,0
DA:244,0
DA:245,0
DA:246,0
DA:247,0
DA:248,0
DA:253,0
DA:254,0
DA:257,0
DA:258,0
DA:261,0
DA:262,0
DA:265,0
LF:103
LH:0
BRDA:40,0,0,0
BRDA:40,0,1,0
BRDA:82,1,0,0
BRDA:82,1,1,0
BRDA:82,2,0,0
BRDA:82,2,1,0
BRDA:89,3,0,0
BRDA:89,3,1,0
BRDA:89,4,0,0
BRDA:89,4,1,0
BRDA:125,5,0,0
BRDA:125,5,1,0
BRDA:126,6,0,0
BRDA:126,6,1,0
BRDA:140,7,0,0
BRDA:140,7,1,0
BRDA:141,8,0,0
BRDA:141,8,1,0
BRDA:154,9,0,0
BRDA:154,9,1,0
BRDA:155,10,0,0
BRDA:155,10,1,0
BRDA:167,11,0,0
BRDA:167,11,1,0
BRDA:168,12,0,0
BRDA:168,12,1,0
BRDA:200,13,0,0
BRDA:200,13,1,0
BRDA:209,14,0,0
BRDA:209,14,1,0
BRDA:217,15,0,0
BRDA:217,15,1,0
BRDA:218,16,0,0
BRDA:218,16,1,0
BRDA:224,17,0,0
BRDA:224,17,1,0
BRDA:224,18,0,0
BRDA:224,18,1,0
BRDA:225,19,0,0
BRDA:225,19,1,0
BRDA:232,20,0,0
BRDA:232,20,1,0
BRDA:238,21,0,0
BRDA:238,21,1,0
BRDA:244,22,0,0
BRDA:244,22,1,0
BRDA:253,23,0,0
BRDA:253,23,1,0
BRF:48
BRH:0
end_of_record
TN:
SF:src\packages\restBuilder\enum\buildType.enum.js
FNF:0
FNH:0
DA:1,2
LF:1
LH:1
BRF:0
BRH:0
end_of_record
TN:
SF:src\packages\restBuilder\enum\filter.enum.js
FNF:0
FNH:0
DA:1,2
LF:1
LH:1
BRF:0
BRH:0
end_of_record
TN:
SF:src\packages\restBuilder\enum\index.js
FNF:0
FNH:0
LF:0
LH:0
BRF:0
BRH:0
end_of_record
TN:
SF:src\packages\restBuilder\enum\sort.enum.js
FNF:0
FNH:0
DA:1,2
LF:1
LH:1
BRF:0
BRH:0
end_of_record
TN:
SF:src\packages\restBuilder\modules\factory\filter.factory.js
FN:10,(anonymous_0)
FN:14,(anonymous_1)
FN:25,(anonymous_2)
FN:31,(anonymous_3)
FNF:4
FNH:0
FNDA:0,(anonymous_0)
FNDA:0,(anonymous_1)
FNDA:0,(anonymous_2)
FNDA:0,(anonymous_3)
DA:6,2
DA:8,2
DA:11,0
DA:15,0
DA:17,0
DA:19,0
DA:20,0
DA:21,0
DA:24,0
DA:25,0
DA:28,0
DA:32,0
DA:34,0
DA:36,0
LF:14
LH:2
BRDA:17,0,0,0
BRDA:17,0,1,0
BRDA:17,1,0,0
BRDA:17,1,1,0
BRDA:19,2,0,0
BRDA:19,2,1,0
BRDA:24,3,0,0
BRDA:24,3,1,0
BRF:8
BRH:0
end_of_record
TN:
SF:src\packages\restBuilder\modules\query\filter.query.js
FN:6,(anonymous_0)
FN:10,(anonymous_1)
FN:14,(anonymous_2)
FNF:3
FNH:0
FNDA:0,(anonymous_0)
FNDA:0,(anonymous_1)
FNDA:0,(anonymous_2)
DA:7,0
DA:11,0
DA:15,0
DA:16,0
DA:21,0
LF:5
LH:0
BRF:0
BRH:0
end_of_record
TN:
SF:src\packages\restBuilder\modules\query\pagination.query.js
FN:6,(anonymous_0)
FNF:1
FNH:0
FNDA:0,(anonymous_0)
DA:7,0
DA:8,0
LF:2
LH:0
BRF:0
BRH:0
end_of_record
TN:
SF:src\packages\restBuilder\modules\query\search.query.js
FN:6,(anonymous_0)
FN:10,(anonymous_1)
FN:17,(anonymous_2)
FN:26,(anonymous_3)
FN:31,(anonymous_4)
FN:36,(anonymous_5)
FNF:6
FNH:0
FNDA:0,(anonymous_0)
FNDA:0,(anonymous_1)
FNDA:0,(anonymous_2)
FNDA:0,(anonymous_3)
FNDA:0,(anonymous_4)
FNDA:0,(anonymous_5)
DA:2,2
DA:7,0
DA:11,0
DA:12,0
DA:17,0
DA:18,0
DA:21,0
DA:23,0
DA:27,0
DA:28,0
DA:32,0
DA:33,0
DA:37,0
DA:38,0
DA:40,0
DA:41,0
LF:16
LH:1
BRDA:11,0,0,0
BRDA:11,0,1,0
BRDA:37,1,0,0
BRDA:37,1,1,0
BRF:4
BRH:0
end_of_record
TN:
SF:src\packages\restBuilder\modules\query\sort.query.js
FN:15,(anonymous_0)
FN:19,(anonymous_1)
FN:22,(anonymous_2)
FN:29,(anonymous_3)
FNF:4
FNH:0
FNDA:0,(anonymous_0)
FNDA:0,(anonymous_1)
FNDA:0,(anonymous_2)
FNDA:0,(anonymous_3)
DA:16,0
DA:20,0
DA:22,0
DA:23,0
DA:26,0
DA:30,0
DA:31,0
DA:33,0
DA:37,0
LF:9
LH:0
BRDA:30,0,0,0
BRDA:30,0,1,0
BRF:2
BRH:0
end_of_record
TN:
SF:src\packages\restBuilder\modules\validator\filter.validator.js
FN:7,(anonymous_0)
FN:14,(anonymous_1)
FN:15,(anonymous_2)
FNF:3
FNH:1
FNDA:2,(anonymous_0)
FNDA:0,(anonymous_1)
FNDA:0,(anonymous_2)
DA:5,2
DA:8,2
DA:11,2
DA:15,0
DA:16,0
LF:5
LH:3
BRF:0
BRH:0
end_of_record
TN:
SF:src\packages\restBuilder\modules\validator\length.validator.js
FN:8,(anonymous_0)
FN:17,(anonymous_1)
FNF:2
FNH:1
FNDA:2,(anonymous_0)
FNDA:0,(anonymous_1)
DA:9,2
DA:10,2
DA:11,2
DA:13,0
DA:18,0
DA:19,0
LF:6
LH:3
BRDA:10,0,0,2
BRDA:10,0,1,0
BRDA:18,1,0,0
BRDA:18,1,1,0
BRF:4
BRH:1
end_of_record
TN:
SF:src\packages\restBuilder\modules\validator\sign.validator.js
FN:5,(anonymous_0)
FNF:1
FNH:0
FNDA:0,(anonymous_0)
DA:6,0
DA:7,0
LF:2
LH:0
BRDA:7,0,0,0
BRDA:7,0,1,0
BRF:2
BRH:0
end_of_record
TN:
SF:src\packages\swagger\constants.js
FNF:0
FNH:0
DA:1,1
DA:7,1
DA:9,1
LF:3
LH:3
BRF:0
BRH:0
end_of_record
TN:
SF:src\packages\swagger\index.js
FNF:0
FNH:0
LF:0
LH:0
BRF:0
BRH:0
end_of_record
TN:
SF:src\packages\swagger\core\core.js
FN:6,(anonymous_0)
FN:10,(anonymous_1)
FN:26,(anonymous_2)
FN:29,(anonymous_3)
FN:40,(anonymous_4)
FN:66,(anonymous_5)
FN:67,(anonymous_6)
FN:84,(anonymous_7)
FN:134,(anonymous_8)
FNF:9
FNH:3
FNDA:1,(anonymous_0)
FNDA:0,(anonymous_1)
FNDA:0,(anonymous_2)
FNDA:0,(anonymous_3)
FNDA:1,(anonymous_4)
FNDA:0,(anonymous_5)
FNDA:0,(anonymous_6)
FNDA:0,(anonymous_7)
FNDA:1,(anonymous_8)
DA:4,1
DA:7,1
DA:10,1
DA:26,1
DA:27,0
DA:29,0
DA:30,0
DA:31,0
DA:33,0
DA:37,0
DA:47,1
DA:49,1
DA:50,1
DA:51,1
DA:52,1
DA:53,1
DA:56,1
DA:57,1
DA:58,1
DA:59,1
DA:63,1
DA:67,0
DA:96,0
DA:97,0
DA:99,0
DA:100,0
DA:103,0
DA:135,1
DA:136,0
DA:144,1
LF:30
LH:17
BRDA:13,0,0,0
BRDA:13,0,1,0
BRDA:30,1,0,0
BRDA:30,1,1,0
BRDA:30,2,0,0
BRDA:30,2,1,0
BRDA:58,3,0,1
BRDA:58,3,1,0
BRDA:67,4,0,0
BRDA:67,4,1,0
BRDA:93,5,0,0
BRDA:94,6,0,0
BRDA:95,7,0,0
BRDA:99,8,0,0
BRDA:99,8,1,0
BRDA:104,9,0,0
BRDA:104,9,1,0
BRDA:106,10,0,0
BRDA:106,10,1,0
BRDA:116,11,0,0
BRDA:116,11,1,0
BRDA:135,12,0,0
BRDA:135,12,1,1
BRF:23
BRH:2
end_of_record
TN:
SF:src\packages\swagger\core\document.js
FN:33,(anonymous_0)
FN:50,(anonymous_1)
FN:55,(anonymous_2)
FN:66,(anonymous_3)
FN:96,(anonymous_4)
FN:127,(anonymous_5)
FN:129,(anonymous_6)
FNF:7
FNH:1
FNDA:0,(anonymous_0)
FNDA:0,(anonymous_1)
FNDA:0,(anonymous_2)
FNDA:2,(anonymous_3)
FNDA:0,(anonymous_4)
FNDA:0,(anonymous_5)
FNDA:0,(anonymous_6)
DA:7,1
DA:9,1
DA:11,1
DA:34,0
DA:35,0
DA:43,0
DA:50,0
DA:55,0
DA:73,2
DA:75,2
DA:78,0
DA:80,2
DA:83,2
DA:105,0
DA:109,0
DA:112,0
DA:114,0
DA:117,0
DA:128,0
DA:129,0
DA:130,0
DA:131,0
DA:132,0
DA:143,0
LF:24
LH:7
BRDA:33,0,0,0
BRDA:34,1,0,0
BRDA:34,1,1,0
BRDA:50,2,0,0
BRDA:55,3,0,0
BRDA:69,4,0,2
BRDA:70,5,0,2
BRDA:71,6,0,2
BRDA:75,7,0,0
BRDA:75,7,1,2
BRDA:75,8,0,2
BRDA:75,8,1,2
BRDA:75,8,2,2
BRDA:101,9,0,0
BRDA:102,10,0,0
BRDA:109,11,0,0
BRDA:109,11,1,0
BRDA:109,12,0,0
BRDA:109,12,1,0
BRDA:109,12,2,0
BRDA:130,13,0,0
BRDA:130,13,1,0
BRF:22
BRH:7
end_of_record
TN:
SF:src\packages\taskExecution\index.js
FNF:0
FNH:0
LF:0
LH:0
BRF:0
BRH:0
end_of_record
TN:
SF:src\packages\taskExecution\parallel.js
FN:1,parallel
FN:2,(anonymous_1)
FNF:2
FNH:0
FNDA:0,parallel
FNDA:0,(anonymous_1)
DA:2,0
LF:1
LH:0
BRF:0
BRH:0
end_of_record
TN:
SF:src\packages\taskExecution\serial.js
FN:1,serial
FN:4,(anonymous_1)
FN:5,(anonymous_2)
FNF:3
FNH:0
FNDA:0,serial
FNDA:0,(anonymous_1)
FNDA:0,(anonymous_2)
DA:2,0
DA:4,0
DA:5,0
LF:3
LH:0
BRF:0
BRH:0
end_of_record
